[2024-08-28T02:05:29.542+0000] {taskinstance.py:1165} INFO - Dependencies all met for <TaskInstance: xcom_dag.t1 manual__2024-08-28T02:05:28.691208+00:00 [queued]>
[2024-08-28T02:05:29.551+0000] {taskinstance.py:1165} INFO - Dependencies all met for <TaskInstance: xcom_dag.t1 manual__2024-08-28T02:05:28.691208+00:00 [queued]>
[2024-08-28T02:05:29.551+0000] {taskinstance.py:1362} INFO - 
--------------------------------------------------------------------------------
[2024-08-28T02:05:29.552+0000] {taskinstance.py:1363} INFO - Starting attempt 1 of 1
[2024-08-28T02:05:29.552+0000] {taskinstance.py:1364} INFO - 
--------------------------------------------------------------------------------
[2024-08-28T02:05:29.566+0000] {taskinstance.py:1383} INFO - Executing <Task(PythonOperator): t1> on 2024-08-28 02:05:28.691208+00:00
[2024-08-28T02:05:29.574+0000] {standard_task_runner.py:55} INFO - Started process 2095 to run task
[2024-08-28T02:05:29.578+0000] {standard_task_runner.py:82} INFO - Running: ['***', 'tasks', 'run', 'xcom_dag', 't1', 'manual__2024-08-28T02:05:28.691208+00:00', '--job-id', '127', '--raw', '--subdir', 'DAGS_FOLDER/course_xcom_dag.py', '--cfg-path', '/tmp/tmpyxj4fbws']
[2024-08-28T02:05:29.578+0000] {standard_task_runner.py:83} INFO - Job 127: Subtask t1
[2024-08-28T02:05:29.643+0000] {task_command.py:376} INFO - Running <TaskInstance: xcom_dag.t1 manual__2024-08-28T02:05:28.691208+00:00 [running]> on host 1542d298b92a
[2024-08-28T02:05:29.718+0000] {taskinstance.py:1592} INFO - Exporting the following env vars:
AIRFLOW_CTX_DAG_OWNER=***
AIRFLOW_CTX_DAG_ID=xcom_dag
AIRFLOW_CTX_TASK_ID=t1
AIRFLOW_CTX_EXECUTION_DATE=2024-08-28T02:05:28.691208+00:00
AIRFLOW_CTX_TRY_NUMBER=1
AIRFLOW_CTX_DAG_RUN_ID=manual__2024-08-28T02:05:28.691208+00:00
[2024-08-28T02:05:29.719+0000] {python.py:177} INFO - Done. Returned value was: 42
[2024-08-28T02:05:29.743+0000] {taskinstance.py:1406} INFO - Marking task as SUCCESS. dag_id=xcom_dag, task_id=t1, execution_date=20240828T020528, start_date=20240828T020529, end_date=20240828T020529
[2024-08-28T02:05:29.789+0000] {local_task_job.py:164} INFO - Task exited with return code 0
[2024-08-28T02:05:29.821+0000] {local_task_job.py:273} INFO - 1 downstream tasks scheduled from follow-on schedule check
