[2024-08-20T18:33:05.184+0000] {taskinstance.py:1165} INFO - Dependencies all met for <TaskInstance: dataset_consumes_1.consuming_1 dataset_triggered__2024-08-20T18:33:04.293810+00:00 [queued]>
[2024-08-20T18:33:05.193+0000] {taskinstance.py:1165} INFO - Dependencies all met for <TaskInstance: dataset_consumes_1.consuming_1 dataset_triggered__2024-08-20T18:33:04.293810+00:00 [queued]>
[2024-08-20T18:33:05.193+0000] {taskinstance.py:1362} INFO - 
--------------------------------------------------------------------------------
[2024-08-20T18:33:05.193+0000] {taskinstance.py:1363} INFO - Starting attempt 1 of 1
[2024-08-20T18:33:05.193+0000] {taskinstance.py:1364} INFO - 
--------------------------------------------------------------------------------
[2024-08-20T18:33:05.210+0000] {taskinstance.py:1383} INFO - Executing <Task(BashOperator): consuming_1> on 2024-08-20 18:33:04.293810+00:00
[2024-08-20T18:33:05.217+0000] {standard_task_runner.py:55} INFO - Started process 403 to run task
[2024-08-20T18:33:05.220+0000] {standard_task_runner.py:82} INFO - Running: ['***', 'tasks', 'run', 'dataset_consumes_1', 'consuming_1', 'dataset_triggered__2024-08-20T18:33:04.293810+00:00', '--job-id', '5', '--raw', '--subdir', '/home/***/.local/lib/python3.7/site-packages/***/example_dags/example_datasets.py', '--cfg-path', '/tmp/tmp75v6617a']
[2024-08-20T18:33:05.221+0000] {standard_task_runner.py:83} INFO - Job 5: Subtask consuming_1
[2024-08-20T18:33:05.281+0000] {task_command.py:376} INFO - Running <TaskInstance: dataset_consumes_1.consuming_1 dataset_triggered__2024-08-20T18:33:04.293810+00:00 [running]> on host 6c07df7ecf79
[2024-08-20T18:33:05.353+0000] {taskinstance.py:1592} INFO - Exporting the following env vars:
AIRFLOW_CTX_DAG_OWNER=***
AIRFLOW_CTX_DAG_ID=dataset_consumes_1
AIRFLOW_CTX_TASK_ID=consuming_1
AIRFLOW_CTX_EXECUTION_DATE=2024-08-20T18:33:04.293810+00:00
AIRFLOW_CTX_TRY_NUMBER=1
AIRFLOW_CTX_DAG_RUN_ID=dataset_triggered__2024-08-20T18:33:04.293810+00:00
[2024-08-20T18:33:05.354+0000] {subprocess.py:63} INFO - Tmp dir root location: 
 /tmp
[2024-08-20T18:33:05.355+0000] {subprocess.py:75} INFO - Running command: ['/bin/bash', '-c', 'sleep 5']
[2024-08-20T18:33:05.371+0000] {subprocess.py:86} INFO - Output:
[2024-08-20T18:33:10.376+0000] {subprocess.py:97} INFO - Command exited with return code 0
[2024-08-20T18:33:10.396+0000] {warnings.py:110} WARNING - /home/***/.local/lib/python3.7/site-packages/***/models/baseoperator.py:1390: RemovedInAirflow3Warning: Passing 'execution_date' to 'TaskInstance.xcom_push()' is deprecated.
  context['ti'].xcom_push(key=key, value=value, execution_date=execution_date)

[2024-08-20T18:33:10.416+0000] {taskinstance.py:1406} INFO - Marking task as SUCCESS. dag_id=dataset_consumes_1, task_id=consuming_1, execution_date=20240820T183304, start_date=20240820T183305, end_date=20240820T183310
[2024-08-20T18:33:10.459+0000] {local_task_job.py:164} INFO - Task exited with return code 0
[2024-08-20T18:33:10.478+0000] {local_task_job.py:273} INFO - 0 downstream tasks scheduled from follow-on schedule check
