[2024-08-29T17:11:09.030+0000] {processor.py:154} INFO - Started process (PID=6539) to work on /opt/airflow/dags/course_consumer.py
[2024-08-29T17:11:09.031+0000] {processor.py:756} INFO - Processing file /opt/airflow/dags/course_consumer.py for tasks to queue
[2024-08-29T17:11:09.032+0000] {logging_mixin.py:120} INFO - [2024-08-29T17:11:09.032+0000] {dagbag.py:537} INFO - Filling up the DagBag from /opt/airflow/dags/course_consumer.py
[2024-08-29T17:11:09.054+0000] {processor.py:766} INFO - DAG(s) dict_keys(['course_consumer']) retrieved from /opt/airflow/dags/course_consumer.py
[2024-08-29T17:11:09.098+0000] {logging_mixin.py:120} INFO - [2024-08-29T17:11:09.098+0000] {dag.py:2585} INFO - Sync 1 DAGs
[2024-08-29T17:11:09.128+0000] {logging_mixin.py:120} INFO - [2024-08-29T17:11:09.128+0000] {dag.py:3340} INFO - Setting next_dagrun for course_consumer to None, run_after=None
[2024-08-29T17:11:09.158+0000] {processor.py:176} INFO - Processing /opt/airflow/dags/course_consumer.py took 0.131 seconds
[2024-08-29T17:11:40.039+0000] {processor.py:154} INFO - Started process (PID=6576) to work on /opt/airflow/dags/course_consumer.py
[2024-08-29T17:11:40.047+0000] {processor.py:756} INFO - Processing file /opt/airflow/dags/course_consumer.py for tasks to queue
[2024-08-29T17:11:40.048+0000] {logging_mixin.py:120} INFO - [2024-08-29T17:11:40.048+0000] {dagbag.py:537} INFO - Filling up the DagBag from /opt/airflow/dags/course_consumer.py
[2024-08-29T17:11:40.068+0000] {processor.py:766} INFO - DAG(s) dict_keys(['course_consumer']) retrieved from /opt/airflow/dags/course_consumer.py
[2024-08-29T17:11:40.108+0000] {logging_mixin.py:120} INFO - [2024-08-29T17:11:40.108+0000] {dag.py:2585} INFO - Sync 1 DAGs
[2024-08-29T17:11:40.137+0000] {logging_mixin.py:120} INFO - [2024-08-29T17:11:40.136+0000] {dag.py:3340} INFO - Setting next_dagrun for course_consumer to None, run_after=None
[2024-08-29T17:11:40.161+0000] {processor.py:176} INFO - Processing /opt/airflow/dags/course_consumer.py took 0.125 seconds
[2024-08-29T17:12:11.064+0000] {processor.py:154} INFO - Started process (PID=6622) to work on /opt/airflow/dags/course_consumer.py
[2024-08-29T17:12:11.073+0000] {processor.py:756} INFO - Processing file /opt/airflow/dags/course_consumer.py for tasks to queue
[2024-08-29T17:12:11.074+0000] {logging_mixin.py:120} INFO - [2024-08-29T17:12:11.074+0000] {dagbag.py:537} INFO - Filling up the DagBag from /opt/airflow/dags/course_consumer.py
[2024-08-29T17:12:11.093+0000] {processor.py:766} INFO - DAG(s) dict_keys(['course_consumer']) retrieved from /opt/airflow/dags/course_consumer.py
[2024-08-29T17:12:11.134+0000] {logging_mixin.py:120} INFO - [2024-08-29T17:12:11.134+0000] {dag.py:2585} INFO - Sync 1 DAGs
[2024-08-29T17:12:11.162+0000] {logging_mixin.py:120} INFO - [2024-08-29T17:12:11.162+0000] {dag.py:3340} INFO - Setting next_dagrun for course_consumer to None, run_after=None
[2024-08-29T17:12:11.187+0000] {processor.py:176} INFO - Processing /opt/airflow/dags/course_consumer.py took 0.126 seconds
[2024-08-29T17:12:42.104+0000] {processor.py:154} INFO - Started process (PID=6668) to work on /opt/airflow/dags/course_consumer.py
[2024-08-29T17:12:42.107+0000] {processor.py:756} INFO - Processing file /opt/airflow/dags/course_consumer.py for tasks to queue
[2024-08-29T17:12:42.108+0000] {logging_mixin.py:120} INFO - [2024-08-29T17:12:42.108+0000] {dagbag.py:537} INFO - Filling up the DagBag from /opt/airflow/dags/course_consumer.py
[2024-08-29T17:12:42.127+0000] {processor.py:766} INFO - DAG(s) dict_keys(['course_consumer']) retrieved from /opt/airflow/dags/course_consumer.py
[2024-08-29T17:12:42.169+0000] {logging_mixin.py:120} INFO - [2024-08-29T17:12:42.169+0000] {dag.py:2585} INFO - Sync 1 DAGs
[2024-08-29T17:12:42.197+0000] {logging_mixin.py:120} INFO - [2024-08-29T17:12:42.196+0000] {dag.py:3340} INFO - Setting next_dagrun for course_consumer to None, run_after=None
[2024-08-29T17:12:42.222+0000] {processor.py:176} INFO - Processing /opt/airflow/dags/course_consumer.py took 0.121 seconds
