[2024-08-29T17:11:08.054+0000] {processor.py:154} INFO - Started process (PID=6531) to work on /opt/airflow/dags/course_tasks_group.py
[2024-08-29T17:11:08.056+0000] {processor.py:756} INFO - Processing file /opt/airflow/dags/course_tasks_group.py for tasks to queue
[2024-08-29T17:11:08.057+0000] {logging_mixin.py:120} INFO - [2024-08-29T17:11:08.057+0000] {dagbag.py:537} INFO - Filling up the DagBag from /opt/airflow/dags/course_tasks_group.py
[2024-08-29T17:11:08.084+0000] {processor.py:766} INFO - DAG(s) dict_keys(['taks_group_dag']) retrieved from /opt/airflow/dags/course_tasks_group.py
[2024-08-29T17:11:08.139+0000] {logging_mixin.py:120} INFO - [2024-08-29T17:11:08.138+0000] {dag.py:2585} INFO - Sync 1 DAGs
[2024-08-29T17:11:08.178+0000] {logging_mixin.py:120} INFO - [2024-08-29T17:11:08.178+0000] {dag.py:3340} INFO - Setting next_dagrun for taks_group_dag to 2024-08-28T00:00:00+00:00, run_after=2024-08-29T00:00:00+00:00
[2024-08-29T17:11:08.199+0000] {processor.py:176} INFO - Processing /opt/airflow/dags/course_tasks_group.py took 0.151 seconds
[2024-08-29T17:11:38.653+0000] {processor.py:154} INFO - Started process (PID=6570) to work on /opt/airflow/dags/course_tasks_group.py
[2024-08-29T17:11:38.655+0000] {processor.py:756} INFO - Processing file /opt/airflow/dags/course_tasks_group.py for tasks to queue
[2024-08-29T17:11:38.656+0000] {logging_mixin.py:120} INFO - [2024-08-29T17:11:38.656+0000] {dagbag.py:537} INFO - Filling up the DagBag from /opt/airflow/dags/course_tasks_group.py
[2024-08-29T17:11:38.675+0000] {processor.py:766} INFO - DAG(s) dict_keys(['taks_group_dag']) retrieved from /opt/airflow/dags/course_tasks_group.py
[2024-08-29T17:11:38.716+0000] {logging_mixin.py:120} INFO - [2024-08-29T17:11:38.715+0000] {dag.py:2585} INFO - Sync 1 DAGs
[2024-08-29T17:11:38.748+0000] {logging_mixin.py:120} INFO - [2024-08-29T17:11:38.748+0000] {dag.py:3340} INFO - Setting next_dagrun for taks_group_dag to 2024-08-28T00:00:00+00:00, run_after=2024-08-29T00:00:00+00:00
[2024-08-29T17:11:38.766+0000] {processor.py:176} INFO - Processing /opt/airflow/dags/course_tasks_group.py took 0.117 seconds
[2024-08-29T17:12:09.677+0000] {processor.py:154} INFO - Started process (PID=6616) to work on /opt/airflow/dags/course_tasks_group.py
[2024-08-29T17:12:09.679+0000] {processor.py:756} INFO - Processing file /opt/airflow/dags/course_tasks_group.py for tasks to queue
[2024-08-29T17:12:09.680+0000] {logging_mixin.py:120} INFO - [2024-08-29T17:12:09.680+0000] {dagbag.py:537} INFO - Filling up the DagBag from /opt/airflow/dags/course_tasks_group.py
[2024-08-29T17:12:09.698+0000] {processor.py:766} INFO - DAG(s) dict_keys(['taks_group_dag']) retrieved from /opt/airflow/dags/course_tasks_group.py
[2024-08-29T17:12:09.740+0000] {logging_mixin.py:120} INFO - [2024-08-29T17:12:09.739+0000] {dag.py:2585} INFO - Sync 1 DAGs
[2024-08-29T17:12:09.770+0000] {logging_mixin.py:120} INFO - [2024-08-29T17:12:09.770+0000] {dag.py:3340} INFO - Setting next_dagrun for taks_group_dag to 2024-08-28T00:00:00+00:00, run_after=2024-08-29T00:00:00+00:00
[2024-08-29T17:12:09.790+0000] {processor.py:176} INFO - Processing /opt/airflow/dags/course_tasks_group.py took 0.117 seconds
[2024-08-29T17:12:40.651+0000] {processor.py:154} INFO - Started process (PID=6662) to work on /opt/airflow/dags/course_tasks_group.py
[2024-08-29T17:12:40.657+0000] {processor.py:756} INFO - Processing file /opt/airflow/dags/course_tasks_group.py for tasks to queue
[2024-08-29T17:12:40.658+0000] {logging_mixin.py:120} INFO - [2024-08-29T17:12:40.658+0000] {dagbag.py:537} INFO - Filling up the DagBag from /opt/airflow/dags/course_tasks_group.py
[2024-08-29T17:12:40.676+0000] {processor.py:766} INFO - DAG(s) dict_keys(['taks_group_dag']) retrieved from /opt/airflow/dags/course_tasks_group.py
[2024-08-29T17:12:40.718+0000] {logging_mixin.py:120} INFO - [2024-08-29T17:12:40.717+0000] {dag.py:2585} INFO - Sync 1 DAGs
[2024-08-29T17:12:40.747+0000] {logging_mixin.py:120} INFO - [2024-08-29T17:12:40.747+0000] {dag.py:3340} INFO - Setting next_dagrun for taks_group_dag to 2024-08-28T00:00:00+00:00, run_after=2024-08-29T00:00:00+00:00
[2024-08-29T17:12:40.767+0000] {processor.py:176} INFO - Processing /opt/airflow/dags/course_tasks_group.py took 0.119 seconds
[2024-08-29T17:13:11.911+0000] {processor.py:154} INFO - Started process (PID=6699) to work on /opt/airflow/dags/course_tasks_group.py
[2024-08-29T17:13:11.923+0000] {processor.py:756} INFO - Processing file /opt/airflow/dags/course_tasks_group.py for tasks to queue
[2024-08-29T17:13:11.924+0000] {logging_mixin.py:120} INFO - [2024-08-29T17:13:11.923+0000] {dagbag.py:537} INFO - Filling up the DagBag from /opt/airflow/dags/course_tasks_group.py
[2024-08-29T17:13:11.948+0000] {processor.py:766} INFO - DAG(s) dict_keys(['taks_group_dag']) retrieved from /opt/airflow/dags/course_tasks_group.py
[2024-08-29T17:13:12.019+0000] {logging_mixin.py:120} INFO - [2024-08-29T17:13:12.019+0000] {dag.py:2585} INFO - Sync 1 DAGs
[2024-08-29T17:13:12.564+0000] {logging_mixin.py:120} INFO - [2024-08-29T17:13:12.564+0000] {process_utils.py:256} INFO - Waiting up to 5 seconds for processes to exit...
