[2024-08-29T17:11:09.157+0000] {processor.py:154} INFO - Started process (PID=6540) to work on /opt/airflow/dags/course_producer.py
[2024-08-29T17:11:09.158+0000] {processor.py:756} INFO - Processing file /opt/airflow/dags/course_producer.py for tasks to queue
[2024-08-29T17:11:09.159+0000] {logging_mixin.py:120} INFO - [2024-08-29T17:11:09.159+0000] {dagbag.py:537} INFO - Filling up the DagBag from /opt/airflow/dags/course_producer.py
[2024-08-29T17:11:09.185+0000] {processor.py:766} INFO - DAG(s) dict_keys(['course_producer']) retrieved from /opt/airflow/dags/course_producer.py
[2024-08-29T17:11:09.236+0000] {logging_mixin.py:120} INFO - [2024-08-29T17:11:09.235+0000] {dag.py:2585} INFO - Sync 1 DAGs
[2024-08-29T17:11:09.272+0000] {logging_mixin.py:120} INFO - [2024-08-29T17:11:09.272+0000] {dag.py:3340} INFO - Setting next_dagrun for course_producer to 2024-08-28T00:00:00+00:00, run_after=2024-08-29T00:00:00+00:00
[2024-08-29T17:11:09.301+0000] {processor.py:176} INFO - Processing /opt/airflow/dags/course_producer.py took 0.147 seconds
[2024-08-29T17:11:40.188+0000] {processor.py:154} INFO - Started process (PID=6577) to work on /opt/airflow/dags/course_producer.py
[2024-08-29T17:11:40.197+0000] {processor.py:756} INFO - Processing file /opt/airflow/dags/course_producer.py for tasks to queue
[2024-08-29T17:11:40.198+0000] {logging_mixin.py:120} INFO - [2024-08-29T17:11:40.198+0000] {dagbag.py:537} INFO - Filling up the DagBag from /opt/airflow/dags/course_producer.py
[2024-08-29T17:11:40.221+0000] {processor.py:766} INFO - DAG(s) dict_keys(['course_producer']) retrieved from /opt/airflow/dags/course_producer.py
[2024-08-29T17:11:40.261+0000] {logging_mixin.py:120} INFO - [2024-08-29T17:11:40.261+0000] {dag.py:2585} INFO - Sync 1 DAGs
[2024-08-29T17:11:40.291+0000] {logging_mixin.py:120} INFO - [2024-08-29T17:11:40.291+0000] {dag.py:3340} INFO - Setting next_dagrun for course_producer to 2024-08-28T00:00:00+00:00, run_after=2024-08-29T00:00:00+00:00
[2024-08-29T17:11:40.316+0000] {processor.py:176} INFO - Processing /opt/airflow/dags/course_producer.py took 0.132 seconds
[2024-08-29T17:12:11.214+0000] {processor.py:154} INFO - Started process (PID=6623) to work on /opt/airflow/dags/course_producer.py
[2024-08-29T17:12:11.215+0000] {processor.py:756} INFO - Processing file /opt/airflow/dags/course_producer.py for tasks to queue
[2024-08-29T17:12:11.216+0000] {logging_mixin.py:120} INFO - [2024-08-29T17:12:11.215+0000] {dagbag.py:537} INFO - Filling up the DagBag from /opt/airflow/dags/course_producer.py
[2024-08-29T17:12:11.238+0000] {processor.py:766} INFO - DAG(s) dict_keys(['course_producer']) retrieved from /opt/airflow/dags/course_producer.py
[2024-08-29T17:12:11.279+0000] {logging_mixin.py:120} INFO - [2024-08-29T17:12:11.278+0000] {dag.py:2585} INFO - Sync 1 DAGs
[2024-08-29T17:12:11.310+0000] {logging_mixin.py:120} INFO - [2024-08-29T17:12:11.309+0000] {dag.py:3340} INFO - Setting next_dagrun for course_producer to 2024-08-28T00:00:00+00:00, run_after=2024-08-29T00:00:00+00:00
[2024-08-29T17:12:11.332+0000] {processor.py:176} INFO - Processing /opt/airflow/dags/course_producer.py took 0.121 seconds
[2024-08-29T17:12:42.249+0000] {processor.py:154} INFO - Started process (PID=6669) to work on /opt/airflow/dags/course_producer.py
[2024-08-29T17:12:42.250+0000] {processor.py:756} INFO - Processing file /opt/airflow/dags/course_producer.py for tasks to queue
[2024-08-29T17:12:42.251+0000] {logging_mixin.py:120} INFO - [2024-08-29T17:12:42.250+0000] {dagbag.py:537} INFO - Filling up the DagBag from /opt/airflow/dags/course_producer.py
[2024-08-29T17:12:42.274+0000] {processor.py:766} INFO - DAG(s) dict_keys(['course_producer']) retrieved from /opt/airflow/dags/course_producer.py
[2024-08-29T17:12:42.315+0000] {logging_mixin.py:120} INFO - [2024-08-29T17:12:42.315+0000] {dag.py:2585} INFO - Sync 1 DAGs
[2024-08-29T17:12:42.344+0000] {logging_mixin.py:120} INFO - [2024-08-29T17:12:42.344+0000] {dag.py:3340} INFO - Setting next_dagrun for course_producer to 2024-08-28T00:00:00+00:00, run_after=2024-08-29T00:00:00+00:00
[2024-08-29T17:12:42.369+0000] {processor.py:176} INFO - Processing /opt/airflow/dags/course_producer.py took 0.123 seconds
