[2024-08-29T17:11:07.699+0000] {processor.py:154} INFO - Started process (PID=6527) to work on /opt/airflow/dags/course_xcom_dag.py
[2024-08-29T17:11:07.700+0000] {processor.py:756} INFO - Processing file /opt/airflow/dags/course_xcom_dag.py for tasks to queue
[2024-08-29T17:11:07.701+0000] {logging_mixin.py:120} INFO - [2024-08-29T17:11:07.700+0000] {dagbag.py:537} INFO - Filling up the DagBag from /opt/airflow/dags/course_xcom_dag.py
[2024-08-29T17:11:07.731+0000] {processor.py:766} INFO - DAG(s) dict_keys(['xcom_dag']) retrieved from /opt/airflow/dags/course_xcom_dag.py
[2024-08-29T17:11:07.791+0000] {logging_mixin.py:120} INFO - [2024-08-29T17:11:07.790+0000] {dag.py:2585} INFO - Sync 1 DAGs
[2024-08-29T17:11:07.846+0000] {logging_mixin.py:120} INFO - [2024-08-29T17:11:07.846+0000] {dag.py:3340} INFO - Setting next_dagrun for xcom_dag to 2024-08-28T00:00:00+00:00, run_after=2024-08-29T00:00:00+00:00
[2024-08-29T17:11:07.875+0000] {processor.py:176} INFO - Processing /opt/airflow/dags/course_xcom_dag.py took 0.181 seconds
[2024-08-29T17:11:38.404+0000] {processor.py:154} INFO - Started process (PID=6566) to work on /opt/airflow/dags/course_xcom_dag.py
[2024-08-29T17:11:38.404+0000] {processor.py:756} INFO - Processing file /opt/airflow/dags/course_xcom_dag.py for tasks to queue
[2024-08-29T17:11:38.405+0000] {logging_mixin.py:120} INFO - [2024-08-29T17:11:38.405+0000] {dagbag.py:537} INFO - Filling up the DagBag from /opt/airflow/dags/course_xcom_dag.py
[2024-08-29T17:11:38.424+0000] {processor.py:766} INFO - DAG(s) dict_keys(['xcom_dag']) retrieved from /opt/airflow/dags/course_xcom_dag.py
[2024-08-29T17:11:38.464+0000] {logging_mixin.py:120} INFO - [2024-08-29T17:11:38.464+0000] {dag.py:2585} INFO - Sync 1 DAGs
[2024-08-29T17:11:38.496+0000] {logging_mixin.py:120} INFO - [2024-08-29T17:11:38.496+0000] {dag.py:3340} INFO - Setting next_dagrun for xcom_dag to 2024-08-28T00:00:00+00:00, run_after=2024-08-29T00:00:00+00:00
[2024-08-29T17:11:38.517+0000] {processor.py:176} INFO - Processing /opt/airflow/dags/course_xcom_dag.py took 0.117 seconds
[2024-08-29T17:12:09.444+0000] {processor.py:154} INFO - Started process (PID=6612) to work on /opt/airflow/dags/course_xcom_dag.py
[2024-08-29T17:12:09.445+0000] {processor.py:756} INFO - Processing file /opt/airflow/dags/course_xcom_dag.py for tasks to queue
[2024-08-29T17:12:09.446+0000] {logging_mixin.py:120} INFO - [2024-08-29T17:12:09.446+0000] {dagbag.py:537} INFO - Filling up the DagBag from /opt/airflow/dags/course_xcom_dag.py
[2024-08-29T17:12:09.465+0000] {processor.py:766} INFO - DAG(s) dict_keys(['xcom_dag']) retrieved from /opt/airflow/dags/course_xcom_dag.py
[2024-08-29T17:12:09.508+0000] {logging_mixin.py:120} INFO - [2024-08-29T17:12:09.508+0000] {dag.py:2585} INFO - Sync 1 DAGs
[2024-08-29T17:12:09.540+0000] {logging_mixin.py:120} INFO - [2024-08-29T17:12:09.540+0000] {dag.py:3340} INFO - Setting next_dagrun for xcom_dag to 2024-08-28T00:00:00+00:00, run_after=2024-08-29T00:00:00+00:00
[2024-08-29T17:12:09.560+0000] {processor.py:176} INFO - Processing /opt/airflow/dags/course_xcom_dag.py took 0.118 seconds
[2024-08-29T17:12:40.400+0000] {processor.py:154} INFO - Started process (PID=6658) to work on /opt/airflow/dags/course_xcom_dag.py
[2024-08-29T17:12:40.408+0000] {processor.py:756} INFO - Processing file /opt/airflow/dags/course_xcom_dag.py for tasks to queue
[2024-08-29T17:12:40.408+0000] {logging_mixin.py:120} INFO - [2024-08-29T17:12:40.408+0000] {dagbag.py:537} INFO - Filling up the DagBag from /opt/airflow/dags/course_xcom_dag.py
[2024-08-29T17:12:40.427+0000] {processor.py:766} INFO - DAG(s) dict_keys(['xcom_dag']) retrieved from /opt/airflow/dags/course_xcom_dag.py
[2024-08-29T17:12:40.469+0000] {logging_mixin.py:120} INFO - [2024-08-29T17:12:40.469+0000] {dag.py:2585} INFO - Sync 1 DAGs
[2024-08-29T17:12:40.499+0000] {logging_mixin.py:120} INFO - [2024-08-29T17:12:40.499+0000] {dag.py:3340} INFO - Setting next_dagrun for xcom_dag to 2024-08-28T00:00:00+00:00, run_after=2024-08-29T00:00:00+00:00
[2024-08-29T17:12:40.522+0000] {processor.py:176} INFO - Processing /opt/airflow/dags/course_xcom_dag.py took 0.125 seconds
[2024-08-29T17:13:11.440+0000] {processor.py:154} INFO - Started process (PID=6695) to work on /opt/airflow/dags/course_xcom_dag.py
[2024-08-29T17:13:11.448+0000] {processor.py:756} INFO - Processing file /opt/airflow/dags/course_xcom_dag.py for tasks to queue
[2024-08-29T17:13:11.448+0000] {logging_mixin.py:120} INFO - [2024-08-29T17:13:11.448+0000] {dagbag.py:537} INFO - Filling up the DagBag from /opt/airflow/dags/course_xcom_dag.py
[2024-08-29T17:13:11.478+0000] {processor.py:766} INFO - DAG(s) dict_keys(['xcom_dag']) retrieved from /opt/airflow/dags/course_xcom_dag.py
[2024-08-29T17:13:11.541+0000] {logging_mixin.py:120} INFO - [2024-08-29T17:13:11.538+0000] {dag.py:2585} INFO - Sync 1 DAGs
[2024-08-29T17:13:11.623+0000] {logging_mixin.py:120} INFO - [2024-08-29T17:13:11.623+0000] {dag.py:3340} INFO - Setting next_dagrun for xcom_dag to 2024-08-28T00:00:00+00:00, run_after=2024-08-29T00:00:00+00:00
[2024-08-29T17:13:11.654+0000] {processor.py:176} INFO - Processing /opt/airflow/dags/course_xcom_dag.py took 0.218 seconds
