[2024-08-29T17:11:09.340+0000] {processor.py:154} INFO - Started process (PID=6543) to work on /opt/airflow/dags/user_processing_3.py
[2024-08-29T17:11:09.341+0000] {processor.py:756} INFO - Processing file /opt/airflow/dags/user_processing_3.py for tasks to queue
[2024-08-29T17:11:09.341+0000] {logging_mixin.py:120} INFO - [2024-08-29T17:11:09.341+0000] {dagbag.py:537} INFO - Filling up the DagBag from /opt/airflow/dags/user_processing_3.py
[2024-08-29T17:11:09.435+0000] {processor.py:766} INFO - DAG(s) dict_keys(['user_processing_3']) retrieved from /opt/airflow/dags/user_processing_3.py
[2024-08-29T17:11:10.079+0000] {logging_mixin.py:120} INFO - [2024-08-29T17:11:10.078+0000] {dag.py:2585} INFO - Sync 1 DAGs
[2024-08-29T17:11:10.107+0000] {logging_mixin.py:120} INFO - [2024-08-29T17:11:10.106+0000] {dag.py:3340} INFO - Setting next_dagrun for user_processing_3 to 2024-08-28T00:00:00+00:00, run_after=2024-08-29T00:00:00+00:00
[2024-08-29T17:11:10.124+0000] {processor.py:176} INFO - Processing /opt/airflow/dags/user_processing_3.py took 0.788 seconds
[2024-08-29T17:11:40.555+0000] {processor.py:154} INFO - Started process (PID=6580) to work on /opt/airflow/dags/user_processing_3.py
[2024-08-29T17:11:40.564+0000] {processor.py:756} INFO - Processing file /opt/airflow/dags/user_processing_3.py for tasks to queue
[2024-08-29T17:11:40.565+0000] {logging_mixin.py:120} INFO - [2024-08-29T17:11:40.565+0000] {dagbag.py:537} INFO - Filling up the DagBag from /opt/airflow/dags/user_processing_3.py
[2024-08-29T17:11:40.649+0000] {processor.py:766} INFO - DAG(s) dict_keys(['user_processing_3']) retrieved from /opt/airflow/dags/user_processing_3.py
[2024-08-29T17:11:41.241+0000] {logging_mixin.py:120} INFO - [2024-08-29T17:11:41.241+0000] {dag.py:2585} INFO - Sync 1 DAGs
[2024-08-29T17:11:41.268+0000] {logging_mixin.py:120} INFO - [2024-08-29T17:11:41.268+0000] {dag.py:3340} INFO - Setting next_dagrun for user_processing_3 to 2024-08-28T00:00:00+00:00, run_after=2024-08-29T00:00:00+00:00
[2024-08-29T17:11:41.289+0000] {processor.py:176} INFO - Processing /opt/airflow/dags/user_processing_3.py took 0.738 seconds
[2024-08-29T17:12:11.549+0000] {processor.py:154} INFO - Started process (PID=6626) to work on /opt/airflow/dags/user_processing_3.py
[2024-08-29T17:12:11.550+0000] {processor.py:756} INFO - Processing file /opt/airflow/dags/user_processing_3.py for tasks to queue
[2024-08-29T17:12:11.550+0000] {logging_mixin.py:120} INFO - [2024-08-29T17:12:11.550+0000] {dagbag.py:537} INFO - Filling up the DagBag from /opt/airflow/dags/user_processing_3.py
[2024-08-29T17:12:11.634+0000] {processor.py:766} INFO - DAG(s) dict_keys(['user_processing_3']) retrieved from /opt/airflow/dags/user_processing_3.py
[2024-08-29T17:12:12.198+0000] {logging_mixin.py:120} INFO - [2024-08-29T17:12:12.197+0000] {dag.py:2585} INFO - Sync 1 DAGs
[2024-08-29T17:12:12.224+0000] {logging_mixin.py:120} INFO - [2024-08-29T17:12:12.224+0000] {dag.py:3340} INFO - Setting next_dagrun for user_processing_3 to 2024-08-28T00:00:00+00:00, run_after=2024-08-29T00:00:00+00:00
[2024-08-29T17:12:12.244+0000] {processor.py:176} INFO - Processing /opt/airflow/dags/user_processing_3.py took 0.698 seconds
[2024-08-29T17:12:42.537+0000] {processor.py:154} INFO - Started process (PID=6672) to work on /opt/airflow/dags/user_processing_3.py
[2024-08-29T17:12:42.538+0000] {processor.py:756} INFO - Processing file /opt/airflow/dags/user_processing_3.py for tasks to queue
[2024-08-29T17:12:42.538+0000] {logging_mixin.py:120} INFO - [2024-08-29T17:12:42.538+0000] {dagbag.py:537} INFO - Filling up the DagBag from /opt/airflow/dags/user_processing_3.py
[2024-08-29T17:12:42.623+0000] {processor.py:766} INFO - DAG(s) dict_keys(['user_processing_3']) retrieved from /opt/airflow/dags/user_processing_3.py
[2024-08-29T17:12:43.187+0000] {logging_mixin.py:120} INFO - [2024-08-29T17:12:43.186+0000] {dag.py:2585} INFO - Sync 1 DAGs
[2024-08-29T17:12:43.212+0000] {logging_mixin.py:120} INFO - [2024-08-29T17:12:43.212+0000] {dag.py:3340} INFO - Setting next_dagrun for user_processing_3 to 2024-08-28T00:00:00+00:00, run_after=2024-08-29T00:00:00+00:00
[2024-08-29T17:12:43.232+0000] {processor.py:176} INFO - Processing /opt/airflow/dags/user_processing_3.py took 0.698 seconds
