[2024-08-29T17:11:10.177+0000] {processor.py:154} INFO - Started process (PID=6546) to work on /opt/airflow/dags/user_processing_1.py
[2024-08-29T17:11:10.177+0000] {processor.py:756} INFO - Processing file /opt/airflow/dags/user_processing_1.py for tasks to queue
[2024-08-29T17:11:10.178+0000] {logging_mixin.py:120} INFO - [2024-08-29T17:11:10.178+0000] {dagbag.py:537} INFO - Filling up the DagBag from /opt/airflow/dags/user_processing_1.py
[2024-08-29T17:11:10.195+0000] {processor.py:766} INFO - DAG(s) dict_keys(['user_processing_1']) retrieved from /opt/airflow/dags/user_processing_1.py
[2024-08-29T17:11:10.232+0000] {logging_mixin.py:120} INFO - [2024-08-29T17:11:10.232+0000] {dag.py:2585} INFO - Sync 1 DAGs
[2024-08-29T17:11:10.262+0000] {logging_mixin.py:120} INFO - [2024-08-29T17:11:10.261+0000] {dag.py:3340} INFO - Setting next_dagrun for user_processing_1 to 2024-08-28T00:00:00+00:00, run_after=2024-08-29T00:00:00+00:00
[2024-08-29T17:11:10.280+0000] {processor.py:176} INFO - Processing /opt/airflow/dags/user_processing_1.py took 0.107 seconds
[2024-08-29T17:11:41.319+0000] {processor.py:154} INFO - Started process (PID=6583) to work on /opt/airflow/dags/user_processing_1.py
[2024-08-29T17:11:41.322+0000] {processor.py:756} INFO - Processing file /opt/airflow/dags/user_processing_1.py for tasks to queue
[2024-08-29T17:11:41.323+0000] {logging_mixin.py:120} INFO - [2024-08-29T17:11:41.323+0000] {dagbag.py:537} INFO - Filling up the DagBag from /opt/airflow/dags/user_processing_1.py
[2024-08-29T17:11:41.337+0000] {processor.py:766} INFO - DAG(s) dict_keys(['user_processing_1']) retrieved from /opt/airflow/dags/user_processing_1.py
[2024-08-29T17:11:41.373+0000] {logging_mixin.py:120} INFO - [2024-08-29T17:11:41.372+0000] {dag.py:2585} INFO - Sync 1 DAGs
[2024-08-29T17:11:41.401+0000] {logging_mixin.py:120} INFO - [2024-08-29T17:11:41.401+0000] {dag.py:3340} INFO - Setting next_dagrun for user_processing_1 to 2024-08-28T00:00:00+00:00, run_after=2024-08-29T00:00:00+00:00
[2024-08-29T17:11:41.423+0000] {processor.py:176} INFO - Processing /opt/airflow/dags/user_processing_1.py took 0.107 seconds
[2024-08-29T17:12:12.280+0000] {processor.py:154} INFO - Started process (PID=6629) to work on /opt/airflow/dags/user_processing_1.py
[2024-08-29T17:12:12.281+0000] {processor.py:756} INFO - Processing file /opt/airflow/dags/user_processing_1.py for tasks to queue
[2024-08-29T17:12:12.282+0000] {logging_mixin.py:120} INFO - [2024-08-29T17:12:12.282+0000] {dagbag.py:537} INFO - Filling up the DagBag from /opt/airflow/dags/user_processing_1.py
[2024-08-29T17:12:12.296+0000] {processor.py:766} INFO - DAG(s) dict_keys(['user_processing_1']) retrieved from /opt/airflow/dags/user_processing_1.py
[2024-08-29T17:12:12.332+0000] {logging_mixin.py:120} INFO - [2024-08-29T17:12:12.331+0000] {dag.py:2585} INFO - Sync 1 DAGs
[2024-08-29T17:12:12.362+0000] {logging_mixin.py:120} INFO - [2024-08-29T17:12:12.361+0000] {dag.py:3340} INFO - Setting next_dagrun for user_processing_1 to 2024-08-28T00:00:00+00:00, run_after=2024-08-29T00:00:00+00:00
[2024-08-29T17:12:12.378+0000] {processor.py:176} INFO - Processing /opt/airflow/dags/user_processing_1.py took 0.101 seconds
[2024-08-29T17:12:43.269+0000] {processor.py:154} INFO - Started process (PID=6675) to work on /opt/airflow/dags/user_processing_1.py
[2024-08-29T17:12:43.270+0000] {processor.py:756} INFO - Processing file /opt/airflow/dags/user_processing_1.py for tasks to queue
[2024-08-29T17:12:43.271+0000] {logging_mixin.py:120} INFO - [2024-08-29T17:12:43.271+0000] {dagbag.py:537} INFO - Filling up the DagBag from /opt/airflow/dags/user_processing_1.py
[2024-08-29T17:12:43.285+0000] {processor.py:766} INFO - DAG(s) dict_keys(['user_processing_1']) retrieved from /opt/airflow/dags/user_processing_1.py
[2024-08-29T17:12:43.322+0000] {logging_mixin.py:120} INFO - [2024-08-29T17:12:43.322+0000] {dag.py:2585} INFO - Sync 1 DAGs
[2024-08-29T17:12:43.350+0000] {logging_mixin.py:120} INFO - [2024-08-29T17:12:43.350+0000] {dag.py:3340} INFO - Setting next_dagrun for user_processing_1 to 2024-08-28T00:00:00+00:00, run_after=2024-08-29T00:00:00+00:00
[2024-08-29T17:12:43.367+0000] {processor.py:176} INFO - Processing /opt/airflow/dags/user_processing_1.py took 0.101 seconds
