[2024-08-29T17:11:09.192+0000] {processor.py:154} INFO - Started process (PID=6541) to work on /opt/airflow/dags/user_processing.py
[2024-08-29T17:11:09.193+0000] {processor.py:756} INFO - Processing file /opt/airflow/dags/user_processing.py for tasks to queue
[2024-08-29T17:11:09.193+0000] {logging_mixin.py:120} INFO - [2024-08-29T17:11:09.193+0000] {dagbag.py:537} INFO - Filling up the DagBag from /opt/airflow/dags/user_processing.py
[2024-08-29T17:11:09.562+0000] {processor.py:766} INFO - DAG(s) dict_keys(['user_processing']) retrieved from /opt/airflow/dags/user_processing.py
[2024-08-29T17:11:09.985+0000] {logging_mixin.py:120} INFO - [2024-08-29T17:11:09.984+0000] {dag.py:2585} INFO - Sync 1 DAGs
[2024-08-29T17:11:10.014+0000] {logging_mixin.py:120} INFO - [2024-08-29T17:11:10.014+0000] {dag.py:3340} INFO - Setting next_dagrun for user_processing to 2024-08-28T00:00:00+00:00, run_after=2024-08-29T00:00:00+00:00
[2024-08-29T17:11:10.037+0000] {processor.py:176} INFO - Processing /opt/airflow/dags/user_processing.py took 0.849 seconds
[2024-08-29T17:11:40.345+0000] {processor.py:154} INFO - Started process (PID=6578) to work on /opt/airflow/dags/user_processing.py
[2024-08-29T17:11:40.347+0000] {processor.py:756} INFO - Processing file /opt/airflow/dags/user_processing.py for tasks to queue
[2024-08-29T17:11:40.348+0000] {logging_mixin.py:120} INFO - [2024-08-29T17:11:40.348+0000] {dagbag.py:537} INFO - Filling up the DagBag from /opt/airflow/dags/user_processing.py
[2024-08-29T17:11:40.669+0000] {processor.py:766} INFO - DAG(s) dict_keys(['user_processing']) retrieved from /opt/airflow/dags/user_processing.py
[2024-08-29T17:11:41.034+0000] {logging_mixin.py:120} INFO - [2024-08-29T17:11:41.034+0000] {dag.py:2585} INFO - Sync 1 DAGs
[2024-08-29T17:11:41.064+0000] {logging_mixin.py:120} INFO - [2024-08-29T17:11:41.064+0000] {dag.py:3340} INFO - Setting next_dagrun for user_processing to 2024-08-28T00:00:00+00:00, run_after=2024-08-29T00:00:00+00:00
[2024-08-29T17:11:41.081+0000] {processor.py:176} INFO - Processing /opt/airflow/dags/user_processing.py took 0.740 seconds
[2024-08-29T17:12:11.361+0000] {processor.py:154} INFO - Started process (PID=6624) to work on /opt/airflow/dags/user_processing.py
[2024-08-29T17:12:11.362+0000] {processor.py:756} INFO - Processing file /opt/airflow/dags/user_processing.py for tasks to queue
[2024-08-29T17:12:11.362+0000] {logging_mixin.py:120} INFO - [2024-08-29T17:12:11.362+0000] {dagbag.py:537} INFO - Filling up the DagBag from /opt/airflow/dags/user_processing.py
[2024-08-29T17:12:11.664+0000] {processor.py:766} INFO - DAG(s) dict_keys(['user_processing']) retrieved from /opt/airflow/dags/user_processing.py
[2024-08-29T17:12:12.014+0000] {logging_mixin.py:120} INFO - [2024-08-29T17:12:12.013+0000] {dag.py:2585} INFO - Sync 1 DAGs
[2024-08-29T17:12:12.040+0000] {logging_mixin.py:120} INFO - [2024-08-29T17:12:12.040+0000] {dag.py:3340} INFO - Setting next_dagrun for user_processing to 2024-08-28T00:00:00+00:00, run_after=2024-08-29T00:00:00+00:00
[2024-08-29T17:12:12.060+0000] {processor.py:176} INFO - Processing /opt/airflow/dags/user_processing.py took 0.703 seconds
[2024-08-29T17:12:42.397+0000] {processor.py:154} INFO - Started process (PID=6670) to work on /opt/airflow/dags/user_processing.py
[2024-08-29T17:12:42.398+0000] {processor.py:756} INFO - Processing file /opt/airflow/dags/user_processing.py for tasks to queue
[2024-08-29T17:12:42.398+0000] {logging_mixin.py:120} INFO - [2024-08-29T17:12:42.398+0000] {dagbag.py:537} INFO - Filling up the DagBag from /opt/airflow/dags/user_processing.py
[2024-08-29T17:12:42.701+0000] {processor.py:766} INFO - DAG(s) dict_keys(['user_processing']) retrieved from /opt/airflow/dags/user_processing.py
[2024-08-29T17:12:43.049+0000] {logging_mixin.py:120} INFO - [2024-08-29T17:12:43.049+0000] {dag.py:2585} INFO - Sync 1 DAGs
[2024-08-29T17:12:43.076+0000] {logging_mixin.py:120} INFO - [2024-08-29T17:12:43.076+0000] {dag.py:3340} INFO - Setting next_dagrun for user_processing to 2024-08-28T00:00:00+00:00, run_after=2024-08-29T00:00:00+00:00
[2024-08-29T17:12:43.096+0000] {processor.py:176} INFO - Processing /opt/airflow/dags/user_processing.py took 0.702 seconds
