[2024-08-29T17:11:10.081+0000] {processor.py:154} INFO - Started process (PID=6545) to work on /opt/airflow/dags/user_processing_2.py
[2024-08-29T17:11:10.082+0000] {processor.py:756} INFO - Processing file /opt/airflow/dags/user_processing_2.py for tasks to queue
[2024-08-29T17:11:10.082+0000] {logging_mixin.py:120} INFO - [2024-08-29T17:11:10.082+0000] {dagbag.py:537} INFO - Filling up the DagBag from /opt/airflow/dags/user_processing_2.py
[2024-08-29T17:11:10.156+0000] {processor.py:766} INFO - DAG(s) dict_keys(['user_processing_2']) retrieved from /opt/airflow/dags/user_processing_2.py
[2024-08-29T17:11:10.197+0000] {logging_mixin.py:120} INFO - [2024-08-29T17:11:10.196+0000] {dag.py:2585} INFO - Sync 1 DAGs
[2024-08-29T17:11:10.229+0000] {logging_mixin.py:120} INFO - [2024-08-29T17:11:10.228+0000] {dag.py:3340} INFO - Setting next_dagrun for user_processing_2 to 2024-08-28T00:00:00+00:00, run_after=2024-08-29T00:00:00+00:00
[2024-08-29T17:11:10.252+0000] {processor.py:176} INFO - Processing /opt/airflow/dags/user_processing_2.py took 0.174 seconds
[2024-08-29T17:11:41.127+0000] {processor.py:154} INFO - Started process (PID=6582) to work on /opt/airflow/dags/user_processing_2.py
[2024-08-29T17:11:41.131+0000] {processor.py:756} INFO - Processing file /opt/airflow/dags/user_processing_2.py for tasks to queue
[2024-08-29T17:11:41.131+0000] {logging_mixin.py:120} INFO - [2024-08-29T17:11:41.131+0000] {dagbag.py:537} INFO - Filling up the DagBag from /opt/airflow/dags/user_processing_2.py
[2024-08-29T17:11:41.201+0000] {processor.py:766} INFO - DAG(s) dict_keys(['user_processing_2']) retrieved from /opt/airflow/dags/user_processing_2.py
[2024-08-29T17:11:41.241+0000] {logging_mixin.py:120} INFO - [2024-08-29T17:11:41.241+0000] {dag.py:2585} INFO - Sync 1 DAGs
[2024-08-29T17:11:41.270+0000] {logging_mixin.py:120} INFO - [2024-08-29T17:11:41.270+0000] {dag.py:3340} INFO - Setting next_dagrun for user_processing_2 to 2024-08-28T00:00:00+00:00, run_after=2024-08-29T00:00:00+00:00
[2024-08-29T17:11:41.289+0000] {processor.py:176} INFO - Processing /opt/airflow/dags/user_processing_2.py took 0.167 seconds
[2024-08-29T17:12:12.098+0000] {processor.py:154} INFO - Started process (PID=6628) to work on /opt/airflow/dags/user_processing_2.py
[2024-08-29T17:12:12.099+0000] {processor.py:756} INFO - Processing file /opt/airflow/dags/user_processing_2.py for tasks to queue
[2024-08-29T17:12:12.099+0000] {logging_mixin.py:120} INFO - [2024-08-29T17:12:12.099+0000] {dagbag.py:537} INFO - Filling up the DagBag from /opt/airflow/dags/user_processing_2.py
[2024-08-29T17:12:12.167+0000] {processor.py:766} INFO - DAG(s) dict_keys(['user_processing_2']) retrieved from /opt/airflow/dags/user_processing_2.py
[2024-08-29T17:12:12.206+0000] {logging_mixin.py:120} INFO - [2024-08-29T17:12:12.206+0000] {dag.py:2585} INFO - Sync 1 DAGs
[2024-08-29T17:12:12.234+0000] {logging_mixin.py:120} INFO - [2024-08-29T17:12:12.234+0000] {dag.py:3340} INFO - Setting next_dagrun for user_processing_2 to 2024-08-28T00:00:00+00:00, run_after=2024-08-29T00:00:00+00:00
[2024-08-29T17:12:12.251+0000] {processor.py:176} INFO - Processing /opt/airflow/dags/user_processing_2.py took 0.156 seconds
[2024-08-29T17:12:43.134+0000] {processor.py:154} INFO - Started process (PID=6674) to work on /opt/airflow/dags/user_processing_2.py
[2024-08-29T17:12:43.135+0000] {processor.py:756} INFO - Processing file /opt/airflow/dags/user_processing_2.py for tasks to queue
[2024-08-29T17:12:43.135+0000] {logging_mixin.py:120} INFO - [2024-08-29T17:12:43.135+0000] {dagbag.py:537} INFO - Filling up the DagBag from /opt/airflow/dags/user_processing_2.py
[2024-08-29T17:12:43.203+0000] {processor.py:766} INFO - DAG(s) dict_keys(['user_processing_2']) retrieved from /opt/airflow/dags/user_processing_2.py
[2024-08-29T17:12:43.241+0000] {logging_mixin.py:120} INFO - [2024-08-29T17:12:43.241+0000] {dag.py:2585} INFO - Sync 1 DAGs
[2024-08-29T17:12:43.270+0000] {logging_mixin.py:120} INFO - [2024-08-29T17:12:43.270+0000] {dag.py:3340} INFO - Setting next_dagrun for user_processing_2 to 2024-08-28T00:00:00+00:00, run_after=2024-08-29T00:00:00+00:00
[2024-08-29T17:12:43.288+0000] {processor.py:176} INFO - Processing /opt/airflow/dags/user_processing_2.py took 0.157 seconds
