[2024-08-27T21:18:33.741+0000] {taskinstance.py:1165} INFO - Dependencies all met for <TaskInstance: group_dag.check_files manual__2024-08-27T21:17:31.185600+00:00 [queued]>
[2024-08-27T21:18:33.752+0000] {taskinstance.py:1165} INFO - Dependencies all met for <TaskInstance: group_dag.check_files manual__2024-08-27T21:17:31.185600+00:00 [queued]>
[2024-08-27T21:18:33.752+0000] {taskinstance.py:1362} INFO - 
--------------------------------------------------------------------------------
[2024-08-27T21:18:33.752+0000] {taskinstance.py:1363} INFO - Starting attempt 1 of 1
[2024-08-27T21:18:33.752+0000] {taskinstance.py:1364} INFO - 
--------------------------------------------------------------------------------
[2024-08-27T21:18:33.767+0000] {taskinstance.py:1383} INFO - Executing <Task(BashOperator): check_files> on 2024-08-27 21:17:31.185600+00:00
[2024-08-27T21:18:33.775+0000] {standard_task_runner.py:55} INFO - Started process 3025 to run task
[2024-08-27T21:18:33.778+0000] {standard_task_runner.py:82} INFO - Running: ['***', 'tasks', 'run', 'group_dag', 'check_files', 'manual__2024-08-27T21:17:31.185600+00:00', '--job-id', '94', '--raw', '--subdir', 'DAGS_FOLDER/course_group_dag.py', '--cfg-path', '/tmp/tmpkax4be2b']
[2024-08-27T21:18:33.779+0000] {standard_task_runner.py:83} INFO - Job 94: Subtask check_files
[2024-08-27T21:18:33.844+0000] {task_command.py:376} INFO - Running <TaskInstance: group_dag.check_files manual__2024-08-27T21:17:31.185600+00:00 [running]> on host 481ff13a8537
[2024-08-27T21:18:33.918+0000] {taskinstance.py:1592} INFO - Exporting the following env vars:
AIRFLOW_CTX_DAG_OWNER=***
AIRFLOW_CTX_DAG_ID=group_dag
AIRFLOW_CTX_TASK_ID=check_files
AIRFLOW_CTX_EXECUTION_DATE=2024-08-27T21:17:31.185600+00:00
AIRFLOW_CTX_TRY_NUMBER=1
AIRFLOW_CTX_DAG_RUN_ID=manual__2024-08-27T21:17:31.185600+00:00
[2024-08-27T21:18:33.919+0000] {subprocess.py:63} INFO - Tmp dir root location: 
 /tmp
[2024-08-27T21:18:33.920+0000] {subprocess.py:75} INFO - Running command: ['/bin/bash', '-c', 'sleep 10']
[2024-08-27T21:18:33.938+0000] {subprocess.py:86} INFO - Output:
[2024-08-27T21:18:43.942+0000] {subprocess.py:97} INFO - Command exited with return code 0
[2024-08-27T21:18:43.973+0000] {taskinstance.py:1406} INFO - Marking task as SUCCESS. dag_id=group_dag, task_id=check_files, execution_date=20240827T211731, start_date=20240827T211833, end_date=20240827T211843
[2024-08-27T21:18:44.000+0000] {local_task_job.py:164} INFO - Task exited with return code 0
[2024-08-27T21:18:44.025+0000] {local_task_job.py:273} INFO - 1 downstream tasks scheduled from follow-on schedule check
