[2024-08-28T01:39:36.372+0000] {taskinstance.py:1165} INFO - Dependencies all met for <TaskInstance: taks_group_dag.downloads.download_b scheduled__2024-08-27T00:00:00+00:00 [queued]>
[2024-08-28T01:39:36.382+0000] {taskinstance.py:1165} INFO - Dependencies all met for <TaskInstance: taks_group_dag.downloads.download_b scheduled__2024-08-27T00:00:00+00:00 [queued]>
[2024-08-28T01:39:36.382+0000] {taskinstance.py:1362} INFO - 
--------------------------------------------------------------------------------
[2024-08-28T01:39:36.382+0000] {taskinstance.py:1363} INFO - Starting attempt 1 of 1
[2024-08-28T01:39:36.382+0000] {taskinstance.py:1364} INFO - 
--------------------------------------------------------------------------------
[2024-08-28T01:39:36.409+0000] {taskinstance.py:1383} INFO - Executing <Task(BashOperator): downloads.download_b> on 2024-08-27 00:00:00+00:00
[2024-08-28T01:39:36.418+0000] {standard_task_runner.py:55} INFO - Started process 845 to run task
[2024-08-28T01:39:36.421+0000] {standard_task_runner.py:82} INFO - Running: ['***', 'tasks', 'run', 'taks_group_dag', 'downloads.download_b', 'scheduled__2024-08-27T00:00:00+00:00', '--job-id', '114', '--raw', '--subdir', 'DAGS_FOLDER/course_tasks_group.py', '--cfg-path', '/tmp/tmpqxopdshq']
[2024-08-28T01:39:36.422+0000] {standard_task_runner.py:83} INFO - Job 114: Subtask downloads.download_b
[2024-08-28T01:39:36.493+0000] {task_command.py:376} INFO - Running <TaskInstance: taks_group_dag.downloads.download_b scheduled__2024-08-27T00:00:00+00:00 [running]> on host 1542d298b92a
[2024-08-28T01:39:36.572+0000] {taskinstance.py:1592} INFO - Exporting the following env vars:
AIRFLOW_CTX_DAG_OWNER=***
AIRFLOW_CTX_DAG_ID=taks_group_dag
AIRFLOW_CTX_TASK_ID=downloads.download_b
AIRFLOW_CTX_EXECUTION_DATE=2024-08-27T00:00:00+00:00
AIRFLOW_CTX_TRY_NUMBER=1
AIRFLOW_CTX_DAG_RUN_ID=scheduled__2024-08-27T00:00:00+00:00
[2024-08-28T01:39:36.573+0000] {subprocess.py:63} INFO - Tmp dir root location: 
 /tmp
[2024-08-28T01:39:36.573+0000] {subprocess.py:75} INFO - Running command: ['/bin/bash', '-c', 'sleep 10']
[2024-08-28T01:39:36.593+0000] {subprocess.py:86} INFO - Output:
[2024-08-28T01:39:46.597+0000] {subprocess.py:97} INFO - Command exited with return code 0
[2024-08-28T01:39:46.628+0000] {taskinstance.py:1406} INFO - Marking task as SUCCESS. dag_id=taks_group_dag, task_id=downloads.download_b, execution_date=20240827T000000, start_date=20240828T013936, end_date=20240828T013946
[2024-08-28T01:39:46.670+0000] {local_task_job.py:164} INFO - Task exited with return code 0
[2024-08-28T01:39:46.715+0000] {local_task_job.py:273} INFO - 0 downstream tasks scheduled from follow-on schedule check
