[2024-08-27T21:17:34.360+0000] {taskinstance.py:1165} INFO - Dependencies all met for <TaskInstance: group_dag.downloads.download_b scheduled__2024-08-27T21:17:31.185600+00:00 [queued]>
[2024-08-27T21:17:34.372+0000] {taskinstance.py:1165} INFO - Dependencies all met for <TaskInstance: group_dag.downloads.download_b scheduled__2024-08-27T21:17:31.185600+00:00 [queued]>
[2024-08-27T21:17:34.372+0000] {taskinstance.py:1362} INFO - 
--------------------------------------------------------------------------------
[2024-08-27T21:17:34.372+0000] {taskinstance.py:1363} INFO - Starting attempt 1 of 1
[2024-08-27T21:17:34.372+0000] {taskinstance.py:1364} INFO - 
--------------------------------------------------------------------------------
[2024-08-27T21:17:34.388+0000] {taskinstance.py:1383} INFO - Executing <Task(BashOperator): download_b> on 2024-08-27 21:17:31.185600+00:00
[2024-08-27T21:17:34.397+0000] {standard_task_runner.py:55} INFO - Started process 2973 to run task
[2024-08-27T21:17:34.400+0000] {standard_task_runner.py:82} INFO - Running: ['***', 'tasks', 'run', 'group_dag.downloads', 'download_b', 'scheduled__2024-08-27T21:17:31.185600+00:00', '--job-id', '92', '--raw', '--subdir', 'DAGS_FOLDER/course_group_dag.py', '--cfg-path', '/tmp/tmp17jf2ag5']
[2024-08-27T21:17:34.401+0000] {standard_task_runner.py:83} INFO - Job 92: Subtask download_b
[2024-08-27T21:17:34.486+0000] {task_command.py:376} INFO - Running <TaskInstance: group_dag.downloads.download_b scheduled__2024-08-27T21:17:31.185600+00:00 [running]> on host 481ff13a8537
[2024-08-27T21:17:34.603+0000] {taskinstance.py:1592} INFO - Exporting the following env vars:
AIRFLOW_CTX_DAG_OWNER=***
AIRFLOW_CTX_DAG_ID=group_dag.downloads
AIRFLOW_CTX_TASK_ID=download_b
AIRFLOW_CTX_EXECUTION_DATE=2024-08-27T21:17:31.185600+00:00
AIRFLOW_CTX_TRY_NUMBER=1
AIRFLOW_CTX_DAG_RUN_ID=scheduled__2024-08-27T21:17:31.185600+00:00
[2024-08-27T21:17:34.604+0000] {subprocess.py:63} INFO - Tmp dir root location: 
 /tmp
[2024-08-27T21:17:34.605+0000] {subprocess.py:75} INFO - Running command: ['/bin/bash', '-c', 'sleep 10']
[2024-08-27T21:17:34.628+0000] {subprocess.py:86} INFO - Output:
[2024-08-27T21:17:44.632+0000] {subprocess.py:97} INFO - Command exited with return code 0
[2024-08-27T21:17:44.664+0000] {taskinstance.py:1406} INFO - Marking task as SUCCESS. dag_id=group_dag.downloads, task_id=download_b, execution_date=20240827T211731, start_date=20240827T211734, end_date=20240827T211744
[2024-08-27T21:17:44.733+0000] {local_task_job.py:164} INFO - Task exited with return code 0
[2024-08-27T21:17:44.753+0000] {local_task_job.py:273} INFO - 0 downstream tasks scheduled from follow-on schedule check
