[2024-08-29T17:11:08.964+0000] {processor.py:154} INFO - Started process (PID=6537) to work on /opt/airflow/dags/subdags/subdag_course_transforms.py
[2024-08-29T17:11:08.966+0000] {processor.py:756} INFO - Processing file /opt/airflow/dags/subdags/subdag_course_transforms.py for tasks to queue
[2024-08-29T17:11:08.967+0000] {logging_mixin.py:120} INFO - [2024-08-29T17:11:08.967+0000] {dagbag.py:537} INFO - Filling up the DagBag from /opt/airflow/dags/subdags/subdag_course_transforms.py
[2024-08-29T17:11:08.975+0000] {processor.py:768} WARNING - No viable dags retrieved from /opt/airflow/dags/subdags/subdag_course_transforms.py
[2024-08-29T17:11:08.994+0000] {processor.py:176} INFO - Processing /opt/airflow/dags/subdags/subdag_course_transforms.py took 0.036 seconds
[2024-08-29T17:11:39.849+0000] {processor.py:154} INFO - Started process (PID=6573) to work on /opt/airflow/dags/subdags/subdag_course_transforms.py
[2024-08-29T17:11:39.856+0000] {processor.py:756} INFO - Processing file /opt/airflow/dags/subdags/subdag_course_transforms.py for tasks to queue
[2024-08-29T17:11:39.856+0000] {logging_mixin.py:120} INFO - [2024-08-29T17:11:39.856+0000] {dagbag.py:537} INFO - Filling up the DagBag from /opt/airflow/dags/subdags/subdag_course_transforms.py
[2024-08-29T17:11:39.861+0000] {processor.py:768} WARNING - No viable dags retrieved from /opt/airflow/dags/subdags/subdag_course_transforms.py
[2024-08-29T17:11:39.874+0000] {processor.py:176} INFO - Processing /opt/airflow/dags/subdags/subdag_course_transforms.py took 0.028 seconds
[2024-08-29T17:12:10.878+0000] {processor.py:154} INFO - Started process (PID=6619) to work on /opt/airflow/dags/subdags/subdag_course_transforms.py
[2024-08-29T17:12:10.882+0000] {processor.py:756} INFO - Processing file /opt/airflow/dags/subdags/subdag_course_transforms.py for tasks to queue
[2024-08-29T17:12:10.882+0000] {logging_mixin.py:120} INFO - [2024-08-29T17:12:10.882+0000] {dagbag.py:537} INFO - Filling up the DagBag from /opt/airflow/dags/subdags/subdag_course_transforms.py
[2024-08-29T17:12:10.887+0000] {processor.py:768} WARNING - No viable dags retrieved from /opt/airflow/dags/subdags/subdag_course_transforms.py
[2024-08-29T17:12:10.901+0000] {processor.py:176} INFO - Processing /opt/airflow/dags/subdags/subdag_course_transforms.py took 0.026 seconds
[2024-08-29T17:12:40.941+0000] {processor.py:154} INFO - Started process (PID=6664) to work on /opt/airflow/dags/subdags/subdag_course_transforms.py
[2024-08-29T17:12:40.942+0000] {processor.py:756} INFO - Processing file /opt/airflow/dags/subdags/subdag_course_transforms.py for tasks to queue
[2024-08-29T17:12:40.942+0000] {logging_mixin.py:120} INFO - [2024-08-29T17:12:40.942+0000] {dagbag.py:537} INFO - Filling up the DagBag from /opt/airflow/dags/subdags/subdag_course_transforms.py
[2024-08-29T17:12:40.946+0000] {processor.py:768} WARNING - No viable dags retrieved from /opt/airflow/dags/subdags/subdag_course_transforms.py
[2024-08-29T17:12:40.960+0000] {processor.py:176} INFO - Processing /opt/airflow/dags/subdags/subdag_course_transforms.py took 0.022 seconds
