[2024-08-23T19:19:58.508+0000] {processor.py:154} INFO - Started process (PID=23823) to work on /opt/airflow/dags/producer.py
[2024-08-23T19:19:58.508+0000] {processor.py:756} INFO - Processing file /opt/airflow/dags/producer.py for tasks to queue
[2024-08-23T19:19:58.509+0000] {logging_mixin.py:120} INFO - [2024-08-23T19:19:58.509+0000] {dagbag.py:537} INFO - Filling up the DagBag from /opt/airflow/dags/producer.py
[2024-08-23T19:19:58.532+0000] {processor.py:766} INFO - DAG(s) dict_keys(['producer']) retrieved from /opt/airflow/dags/producer.py
[2024-08-23T19:19:58.684+0000] {logging_mixin.py:120} INFO - [2024-08-23T19:19:58.684+0000] {manager.py:507} INFO - Created Permission View: can edit on DAG:producer
[2024-08-23T19:19:58.693+0000] {logging_mixin.py:120} INFO - [2024-08-23T19:19:58.692+0000] {manager.py:507} INFO - Created Permission View: can read on DAG:producer
[2024-08-23T19:19:58.699+0000] {logging_mixin.py:120} INFO - [2024-08-23T19:19:58.698+0000] {manager.py:507} INFO - Created Permission View: can delete on DAG:producer
[2024-08-23T19:19:58.699+0000] {logging_mixin.py:120} INFO - [2024-08-23T19:19:58.699+0000] {dag.py:2585} INFO - Sync 1 DAGs
[2024-08-23T19:19:58.713+0000] {logging_mixin.py:120} INFO - [2024-08-23T19:19:58.713+0000] {dag.py:2606} INFO - Creating ORM DAG for producer
[2024-08-23T19:19:58.727+0000] {logging_mixin.py:120} INFO - [2024-08-23T19:19:58.727+0000] {dag.py:3340} INFO - Setting next_dagrun for producer to 2024-08-22T00:00:00+00:00, run_after=2024-08-23T00:00:00+00:00
[2024-08-23T19:19:58.749+0000] {processor.py:176} INFO - Processing /opt/airflow/dags/producer.py took 0.244 seconds
[2024-08-23T19:20:28.785+0000] {processor.py:154} INFO - Started process (PID=23892) to work on /opt/airflow/dags/producer.py
[2024-08-23T19:20:28.795+0000] {processor.py:756} INFO - Processing file /opt/airflow/dags/producer.py for tasks to queue
[2024-08-23T19:20:28.796+0000] {logging_mixin.py:120} INFO - [2024-08-23T19:20:28.796+0000] {dagbag.py:537} INFO - Filling up the DagBag from /opt/airflow/dags/producer.py
[2024-08-23T19:20:28.818+0000] {processor.py:766} INFO - DAG(s) dict_keys(['producer']) retrieved from /opt/airflow/dags/producer.py
[2024-08-23T19:20:28.859+0000] {logging_mixin.py:120} INFO - [2024-08-23T19:20:28.859+0000] {dag.py:2585} INFO - Sync 1 DAGs
[2024-08-23T19:20:28.890+0000] {logging_mixin.py:120} INFO - [2024-08-23T19:20:28.890+0000] {dag.py:3340} INFO - Setting next_dagrun for producer to 2024-08-22T00:00:00+00:00, run_after=2024-08-23T00:00:00+00:00
[2024-08-23T19:20:28.912+0000] {processor.py:176} INFO - Processing /opt/airflow/dags/producer.py took 0.131 seconds
[2024-08-23T19:20:59.169+0000] {processor.py:154} INFO - Started process (PID=23952) to work on /opt/airflow/dags/producer.py
[2024-08-23T19:20:59.180+0000] {processor.py:756} INFO - Processing file /opt/airflow/dags/producer.py for tasks to queue
[2024-08-23T19:20:59.180+0000] {logging_mixin.py:120} INFO - [2024-08-23T19:20:59.180+0000] {dagbag.py:537} INFO - Filling up the DagBag from /opt/airflow/dags/producer.py
[2024-08-23T19:20:59.203+0000] {processor.py:766} INFO - DAG(s) dict_keys(['producer']) retrieved from /opt/airflow/dags/producer.py
[2024-08-23T19:20:59.246+0000] {logging_mixin.py:120} INFO - [2024-08-23T19:20:59.245+0000] {dag.py:2585} INFO - Sync 1 DAGs
[2024-08-23T19:20:59.276+0000] {logging_mixin.py:120} INFO - [2024-08-23T19:20:59.276+0000] {dag.py:3340} INFO - Setting next_dagrun for producer to 2024-08-22T00:00:00+00:00, run_after=2024-08-23T00:00:00+00:00
[2024-08-23T19:20:59.298+0000] {processor.py:176} INFO - Processing /opt/airflow/dags/producer.py took 0.132 seconds
[2024-08-23T19:21:29.351+0000] {processor.py:154} INFO - Started process (PID=24021) to work on /opt/airflow/dags/producer.py
[2024-08-23T19:21:29.364+0000] {processor.py:756} INFO - Processing file /opt/airflow/dags/producer.py for tasks to queue
[2024-08-23T19:21:29.365+0000] {logging_mixin.py:120} INFO - [2024-08-23T19:21:29.365+0000] {dagbag.py:537} INFO - Filling up the DagBag from /opt/airflow/dags/producer.py
[2024-08-23T19:21:29.387+0000] {processor.py:766} INFO - DAG(s) dict_keys(['producer']) retrieved from /opt/airflow/dags/producer.py
[2024-08-23T19:21:29.428+0000] {logging_mixin.py:120} INFO - [2024-08-23T19:21:29.427+0000] {dag.py:2585} INFO - Sync 1 DAGs
[2024-08-23T19:21:29.456+0000] {logging_mixin.py:120} INFO - [2024-08-23T19:21:29.456+0000] {dag.py:3340} INFO - Setting next_dagrun for producer to 2024-08-22T00:00:00+00:00, run_after=2024-08-23T00:00:00+00:00
[2024-08-23T19:21:29.476+0000] {processor.py:176} INFO - Processing /opt/airflow/dags/producer.py took 0.129 seconds
[2024-08-23T19:21:59.579+0000] {processor.py:154} INFO - Started process (PID=24090) to work on /opt/airflow/dags/producer.py
[2024-08-23T19:21:59.587+0000] {processor.py:756} INFO - Processing file /opt/airflow/dags/producer.py for tasks to queue
[2024-08-23T19:21:59.588+0000] {logging_mixin.py:120} INFO - [2024-08-23T19:21:59.588+0000] {dagbag.py:537} INFO - Filling up the DagBag from /opt/airflow/dags/producer.py
[2024-08-23T19:21:59.611+0000] {processor.py:766} INFO - DAG(s) dict_keys(['producer']) retrieved from /opt/airflow/dags/producer.py
[2024-08-23T19:21:59.653+0000] {logging_mixin.py:120} INFO - [2024-08-23T19:21:59.653+0000] {dag.py:2585} INFO - Sync 1 DAGs
[2024-08-23T19:21:59.684+0000] {logging_mixin.py:120} INFO - [2024-08-23T19:21:59.684+0000] {dag.py:3340} INFO - Setting next_dagrun for producer to 2024-08-22T00:00:00+00:00, run_after=2024-08-23T00:00:00+00:00
[2024-08-23T19:21:59.706+0000] {processor.py:176} INFO - Processing /opt/airflow/dags/producer.py took 0.130 seconds
[2024-08-23T19:22:29.857+0000] {processor.py:154} INFO - Started process (PID=24150) to work on /opt/airflow/dags/producer.py
[2024-08-23T19:22:29.872+0000] {processor.py:756} INFO - Processing file /opt/airflow/dags/producer.py for tasks to queue
[2024-08-23T19:22:29.872+0000] {logging_mixin.py:120} INFO - [2024-08-23T19:22:29.872+0000] {dagbag.py:537} INFO - Filling up the DagBag from /opt/airflow/dags/producer.py
[2024-08-23T19:22:29.895+0000] {processor.py:766} INFO - DAG(s) dict_keys(['producer']) retrieved from /opt/airflow/dags/producer.py
[2024-08-23T19:22:29.936+0000] {logging_mixin.py:120} INFO - [2024-08-23T19:22:29.936+0000] {dag.py:2585} INFO - Sync 1 DAGs
[2024-08-23T19:22:29.967+0000] {logging_mixin.py:120} INFO - [2024-08-23T19:22:29.967+0000] {dag.py:3340} INFO - Setting next_dagrun for producer to 2024-08-22T00:00:00+00:00, run_after=2024-08-23T00:00:00+00:00
[2024-08-23T19:22:29.989+0000] {processor.py:176} INFO - Processing /opt/airflow/dags/producer.py took 0.135 seconds
[2024-08-23T19:23:00.157+0000] {processor.py:154} INFO - Started process (PID=24219) to work on /opt/airflow/dags/producer.py
[2024-08-23T19:23:00.164+0000] {processor.py:756} INFO - Processing file /opt/airflow/dags/producer.py for tasks to queue
[2024-08-23T19:23:00.165+0000] {logging_mixin.py:120} INFO - [2024-08-23T19:23:00.165+0000] {dagbag.py:537} INFO - Filling up the DagBag from /opt/airflow/dags/producer.py
[2024-08-23T19:23:00.188+0000] {processor.py:766} INFO - DAG(s) dict_keys(['producer']) retrieved from /opt/airflow/dags/producer.py
[2024-08-23T19:23:00.230+0000] {logging_mixin.py:120} INFO - [2024-08-23T19:23:00.230+0000] {dag.py:2585} INFO - Sync 1 DAGs
[2024-08-23T19:23:00.260+0000] {logging_mixin.py:120} INFO - [2024-08-23T19:23:00.260+0000] {dag.py:3340} INFO - Setting next_dagrun for producer to 2024-08-22T00:00:00+00:00, run_after=2024-08-23T00:00:00+00:00
[2024-08-23T19:23:00.282+0000] {processor.py:176} INFO - Processing /opt/airflow/dags/producer.py took 0.129 seconds
[2024-08-23T19:23:13.813+0000] {processor.py:154} INFO - Started process (PID=24238) to work on /opt/airflow/dags/producer.py
[2024-08-23T19:23:13.815+0000] {processor.py:756} INFO - Processing file /opt/airflow/dags/producer.py for tasks to queue
[2024-08-23T19:23:13.815+0000] {logging_mixin.py:120} INFO - [2024-08-23T19:23:13.815+0000] {dagbag.py:537} INFO - Filling up the DagBag from /opt/airflow/dags/producer.py
[2024-08-23T19:23:13.837+0000] {processor.py:766} INFO - DAG(s) dict_keys(['course_producer']) retrieved from /opt/airflow/dags/producer.py
[2024-08-23T19:23:13.972+0000] {logging_mixin.py:120} INFO - [2024-08-23T19:23:13.972+0000] {manager.py:507} INFO - Created Permission View: can edit on DAG:course_producer
[2024-08-23T19:23:13.980+0000] {logging_mixin.py:120} INFO - [2024-08-23T19:23:13.980+0000] {manager.py:507} INFO - Created Permission View: can read on DAG:course_producer
[2024-08-23T19:23:13.985+0000] {logging_mixin.py:120} INFO - [2024-08-23T19:23:13.985+0000] {manager.py:507} INFO - Created Permission View: can delete on DAG:course_producer
[2024-08-23T19:23:13.985+0000] {logging_mixin.py:120} INFO - [2024-08-23T19:23:13.985+0000] {dag.py:2585} INFO - Sync 1 DAGs
[2024-08-23T19:23:13.998+0000] {logging_mixin.py:120} INFO - [2024-08-23T19:23:13.998+0000] {dag.py:2606} INFO - Creating ORM DAG for course_producer
[2024-08-23T19:23:14.011+0000] {logging_mixin.py:120} INFO - [2024-08-23T19:23:14.011+0000] {dag.py:3340} INFO - Setting next_dagrun for course_producer to 2024-08-22T00:00:00+00:00, run_after=2024-08-23T00:00:00+00:00
[2024-08-23T19:23:14.030+0000] {processor.py:176} INFO - Processing /opt/airflow/dags/producer.py took 0.221 seconds
