[2024-08-28T02:52:01.937+0000] {taskinstance.py:1165} INFO - Dependencies all met for <TaskInstance: xcom_dag.t4 manual__2024-08-28T02:51:57.305988+00:00 [queued]>
[2024-08-28T02:52:01.946+0000] {taskinstance.py:1165} INFO - Dependencies all met for <TaskInstance: xcom_dag.t4 manual__2024-08-28T02:51:57.305988+00:00 [queued]>
[2024-08-28T02:52:01.946+0000] {taskinstance.py:1362} INFO - 
--------------------------------------------------------------------------------
[2024-08-28T02:52:01.946+0000] {taskinstance.py:1363} INFO - Starting attempt 1 of 1
[2024-08-28T02:52:01.947+0000] {taskinstance.py:1364} INFO - 
--------------------------------------------------------------------------------
[2024-08-28T02:52:01.960+0000] {taskinstance.py:1383} INFO - Executing <Task(BashOperator): t4> on 2024-08-28 02:51:57.305988+00:00
[2024-08-28T02:52:01.969+0000] {standard_task_runner.py:55} INFO - Started process 4304 to run task
[2024-08-28T02:52:01.972+0000] {standard_task_runner.py:82} INFO - Running: ['***', 'tasks', 'run', 'xcom_dag', 't4', 'manual__2024-08-28T02:51:57.305988+00:00', '--job-id', '142', '--raw', '--subdir', 'DAGS_FOLDER/course_xcom_dag.py', '--cfg-path', '/tmp/tmpgkmk4ybj']
[2024-08-28T02:52:01.972+0000] {standard_task_runner.py:83} INFO - Job 142: Subtask t4
[2024-08-28T02:52:02.035+0000] {task_command.py:376} INFO - Running <TaskInstance: xcom_dag.t4 manual__2024-08-28T02:51:57.305988+00:00 [running]> on host 1542d298b92a
[2024-08-28T02:52:02.111+0000] {taskinstance.py:1592} INFO - Exporting the following env vars:
AIRFLOW_CTX_DAG_OWNER=***
AIRFLOW_CTX_DAG_ID=xcom_dag
AIRFLOW_CTX_TASK_ID=t4
AIRFLOW_CTX_EXECUTION_DATE=2024-08-28T02:51:57.305988+00:00
AIRFLOW_CTX_TRY_NUMBER=1
AIRFLOW_CTX_DAG_RUN_ID=manual__2024-08-28T02:51:57.305988+00:00
[2024-08-28T02:52:02.112+0000] {subprocess.py:63} INFO - Tmp dir root location: 
 /tmp
[2024-08-28T02:52:02.112+0000] {subprocess.py:75} INFO - Running command: ['/bin/bash', '-c', "echo ''"]
[2024-08-28T02:52:02.130+0000] {subprocess.py:86} INFO - Output:
[2024-08-28T02:52:02.132+0000] {subprocess.py:93} INFO - 
[2024-08-28T02:52:02.133+0000] {subprocess.py:97} INFO - Command exited with return code 0
[2024-08-28T02:52:02.160+0000] {taskinstance.py:1406} INFO - Marking task as SUCCESS. dag_id=xcom_dag, task_id=t4, execution_date=20240828T025157, start_date=20240828T025201, end_date=20240828T025202
[2024-08-28T02:52:02.183+0000] {local_task_job.py:164} INFO - Task exited with return code 0
[2024-08-28T02:52:02.204+0000] {local_task_job.py:273} INFO - 0 downstream tasks scheduled from follow-on schedule check
