[2024-08-20T18:33:46.672+0000] {taskinstance.py:1165} INFO - Dependencies all met for <TaskInstance: example_bash_operator.runme_0 scheduled__2024-08-19T00:00:00+00:00 [queued]>
[2024-08-20T18:33:46.687+0000] {taskinstance.py:1165} INFO - Dependencies all met for <TaskInstance: example_bash_operator.runme_0 scheduled__2024-08-19T00:00:00+00:00 [queued]>
[2024-08-20T18:33:46.688+0000] {taskinstance.py:1362} INFO - 
--------------------------------------------------------------------------------
[2024-08-20T18:33:46.688+0000] {taskinstance.py:1363} INFO - Starting attempt 1 of 1
[2024-08-20T18:33:46.688+0000] {taskinstance.py:1364} INFO - 
--------------------------------------------------------------------------------
[2024-08-20T18:33:46.711+0000] {taskinstance.py:1383} INFO - Executing <Task(BashOperator): runme_0> on 2024-08-19 00:00:00+00:00
[2024-08-20T18:33:46.720+0000] {standard_task_runner.py:55} INFO - Started process 448 to run task
[2024-08-20T18:33:46.725+0000] {standard_task_runner.py:82} INFO - Running: ['***', 'tasks', 'run', 'example_bash_operator', 'runme_0', 'scheduled__2024-08-19T00:00:00+00:00', '--job-id', '7', '--raw', '--subdir', '/home/***/.local/lib/python3.7/site-packages/***/example_dags/example_bash_operator.py', '--cfg-path', '/tmp/tmpkx_r1xi6']
[2024-08-20T18:33:46.725+0000] {standard_task_runner.py:83} INFO - Job 7: Subtask runme_0
[2024-08-20T18:33:46.807+0000] {task_command.py:376} INFO - Running <TaskInstance: example_bash_operator.runme_0 scheduled__2024-08-19T00:00:00+00:00 [running]> on host 6c07df7ecf79
[2024-08-20T18:33:46.907+0000] {taskinstance.py:1592} INFO - Exporting the following env vars:
AIRFLOW_CTX_DAG_OWNER=***
AIRFLOW_CTX_DAG_ID=example_bash_operator
AIRFLOW_CTX_TASK_ID=runme_0
AIRFLOW_CTX_EXECUTION_DATE=2024-08-19T00:00:00+00:00
AIRFLOW_CTX_TRY_NUMBER=1
AIRFLOW_CTX_DAG_RUN_ID=scheduled__2024-08-19T00:00:00+00:00
[2024-08-20T18:33:46.908+0000] {subprocess.py:63} INFO - Tmp dir root location: 
 /tmp
[2024-08-20T18:33:46.909+0000] {subprocess.py:75} INFO - Running command: ['/bin/bash', '-c', 'echo "example_bash_operator__runme_0__20240819" && sleep 1']
[2024-08-20T18:33:46.927+0000] {subprocess.py:86} INFO - Output:
[2024-08-20T18:33:46.929+0000] {subprocess.py:93} INFO - example_bash_operator__runme_0__20240819
[2024-08-20T18:33:47.932+0000] {subprocess.py:97} INFO - Command exited with return code 0
[2024-08-20T18:33:47.960+0000] {taskinstance.py:1406} INFO - Marking task as SUCCESS. dag_id=example_bash_operator, task_id=runme_0, execution_date=20240819T000000, start_date=20240820T183346, end_date=20240820T183347
[2024-08-20T18:33:48.018+0000] {local_task_job.py:164} INFO - Task exited with return code 0
[2024-08-20T18:33:48.040+0000] {local_task_job.py:273} INFO - 0 downstream tasks scheduled from follow-on schedule check
