[2024-08-28T01:39:58.549+0000] {taskinstance.py:1165} INFO - Dependencies all met for <TaskInstance: taks_group_dag.transforms.transform_a scheduled__2024-08-27T00:00:00+00:00 [queued]>
[2024-08-28T01:39:58.561+0000] {taskinstance.py:1165} INFO - Dependencies all met for <TaskInstance: taks_group_dag.transforms.transform_a scheduled__2024-08-27T00:00:00+00:00 [queued]>
[2024-08-28T01:39:58.561+0000] {taskinstance.py:1362} INFO - 
--------------------------------------------------------------------------------
[2024-08-28T01:39:58.562+0000] {taskinstance.py:1363} INFO - Starting attempt 1 of 1
[2024-08-28T01:39:58.562+0000] {taskinstance.py:1364} INFO - 
--------------------------------------------------------------------------------
[2024-08-28T01:39:58.588+0000] {taskinstance.py:1383} INFO - Executing <Task(BashOperator): transforms.transform_a> on 2024-08-27 00:00:00+00:00
[2024-08-28T01:39:58.597+0000] {standard_task_runner.py:55} INFO - Started process 875 to run task
[2024-08-28T01:39:58.601+0000] {standard_task_runner.py:82} INFO - Running: ['***', 'tasks', 'run', 'taks_group_dag', 'transforms.transform_a', 'scheduled__2024-08-27T00:00:00+00:00', '--job-id', '118', '--raw', '--subdir', 'DAGS_FOLDER/course_tasks_group.py', '--cfg-path', '/tmp/tmpaf5ligml']
[2024-08-28T01:39:58.602+0000] {standard_task_runner.py:83} INFO - Job 118: Subtask transforms.transform_a
[2024-08-28T01:39:58.667+0000] {task_command.py:376} INFO - Running <TaskInstance: taks_group_dag.transforms.transform_a scheduled__2024-08-27T00:00:00+00:00 [running]> on host 1542d298b92a
[2024-08-28T01:39:58.743+0000] {taskinstance.py:1592} INFO - Exporting the following env vars:
AIRFLOW_CTX_DAG_OWNER=***
AIRFLOW_CTX_DAG_ID=taks_group_dag
AIRFLOW_CTX_TASK_ID=transforms.transform_a
AIRFLOW_CTX_EXECUTION_DATE=2024-08-27T00:00:00+00:00
AIRFLOW_CTX_TRY_NUMBER=1
AIRFLOW_CTX_DAG_RUN_ID=scheduled__2024-08-27T00:00:00+00:00
[2024-08-28T01:39:58.744+0000] {subprocess.py:63} INFO - Tmp dir root location: 
 /tmp
[2024-08-28T01:39:58.745+0000] {subprocess.py:75} INFO - Running command: ['/bin/bash', '-c', 'sleep 10']
[2024-08-28T01:39:58.765+0000] {subprocess.py:86} INFO - Output:
[2024-08-28T01:40:08.769+0000] {subprocess.py:97} INFO - Command exited with return code 0
[2024-08-28T01:40:08.798+0000] {taskinstance.py:1406} INFO - Marking task as SUCCESS. dag_id=taks_group_dag, task_id=transforms.transform_a, execution_date=20240827T000000, start_date=20240828T013958, end_date=20240828T014008
[2024-08-28T01:40:08.859+0000] {local_task_job.py:164} INFO - Task exited with return code 0
[2024-08-28T01:40:08.887+0000] {local_task_job.py:273} INFO - 0 downstream tasks scheduled from follow-on schedule check
