[2024-08-28T02:19:00.439+0000] {taskinstance.py:1165} INFO - Dependencies all met for <TaskInstance: xcom_dag.branch manual__2024-08-28T02:18:05.549553+00:00 [queued]>
[2024-08-28T02:19:00.449+0000] {taskinstance.py:1165} INFO - Dependencies all met for <TaskInstance: xcom_dag.branch manual__2024-08-28T02:18:05.549553+00:00 [queued]>
[2024-08-28T02:19:00.449+0000] {taskinstance.py:1362} INFO - 
--------------------------------------------------------------------------------
[2024-08-28T02:19:00.449+0000] {taskinstance.py:1363} INFO - Starting attempt 2 of 2
[2024-08-28T02:19:00.449+0000] {taskinstance.py:1364} INFO - 
--------------------------------------------------------------------------------
[2024-08-28T02:19:00.463+0000] {taskinstance.py:1383} INFO - Executing <Task(BranchPythonOperator): branch> on 2024-08-28 02:18:05.549553+00:00
[2024-08-28T02:19:00.472+0000] {standard_task_runner.py:55} INFO - Started process 2740 to run task
[2024-08-28T02:19:00.475+0000] {standard_task_runner.py:82} INFO - Running: ['***', 'tasks', 'run', 'xcom_dag', 'branch', 'manual__2024-08-28T02:18:05.549553+00:00', '--job-id', '134', '--raw', '--subdir', 'DAGS_FOLDER/course_xcom_dag.py', '--cfg-path', '/tmp/tmp5jxocwc9']
[2024-08-28T02:19:00.476+0000] {standard_task_runner.py:83} INFO - Job 134: Subtask branch
[2024-08-28T02:19:00.540+0000] {task_command.py:376} INFO - Running <TaskInstance: xcom_dag.branch manual__2024-08-28T02:18:05.549553+00:00 [running]> on host 1542d298b92a
[2024-08-28T02:19:00.616+0000] {taskinstance.py:1592} INFO - Exporting the following env vars:
AIRFLOW_CTX_DAG_OWNER=***
AIRFLOW_CTX_DAG_ID=xcom_dag
AIRFLOW_CTX_TASK_ID=branch
AIRFLOW_CTX_EXECUTION_DATE=2024-08-28T02:18:05.549553+00:00
AIRFLOW_CTX_TRY_NUMBER=2
AIRFLOW_CTX_DAG_RUN_ID=manual__2024-08-28T02:18:05.549553+00:00
[2024-08-28T02:19:00.629+0000] {python.py:177} INFO - Done. Returned value was: t2
[2024-08-28T02:19:00.629+0000] {skipmixin.py:155} INFO - Following branch t2
[2024-08-28T02:19:00.630+0000] {skipmixin.py:190} INFO - Skipping tasks ['t3']
[2024-08-28T02:19:00.673+0000] {taskinstance.py:1406} INFO - Marking task as SUCCESS. dag_id=xcom_dag, task_id=branch, execution_date=20240828T021805, start_date=20240828T021900, end_date=20240828T021900
[2024-08-28T02:19:00.727+0000] {local_task_job.py:164} INFO - Task exited with return code 0
[2024-08-28T02:19:00.767+0000] {local_task_job.py:273} INFO - 1 downstream tasks scheduled from follow-on schedule check
