[2024-08-28T02:04:15.016+0000] {taskinstance.py:1165} INFO - Dependencies all met for <TaskInstance: xcom_dag.t2 scheduled__2024-08-27T00:00:00+00:00 [queued]>
[2024-08-28T02:04:15.027+0000] {taskinstance.py:1165} INFO - Dependencies all met for <TaskInstance: xcom_dag.t2 scheduled__2024-08-27T00:00:00+00:00 [queued]>
[2024-08-28T02:04:15.027+0000] {taskinstance.py:1362} INFO - 
--------------------------------------------------------------------------------
[2024-08-28T02:04:15.027+0000] {taskinstance.py:1363} INFO - Starting attempt 2 of 2
[2024-08-28T02:04:15.027+0000] {taskinstance.py:1364} INFO - 
--------------------------------------------------------------------------------
[2024-08-28T02:04:15.043+0000] {taskinstance.py:1383} INFO - Executing <Task(PythonOperator): t2> on 2024-08-27 00:00:00+00:00
[2024-08-28T02:04:15.052+0000] {standard_task_runner.py:55} INFO - Started process 2034 to run task
[2024-08-28T02:04:15.056+0000] {standard_task_runner.py:82} INFO - Running: ['***', 'tasks', 'run', 'xcom_dag', 't2', 'scheduled__2024-08-27T00:00:00+00:00', '--job-id', '124', '--raw', '--subdir', 'DAGS_FOLDER/course_xcom_dag.py', '--cfg-path', '/tmp/tmpeg7_085s']
[2024-08-28T02:04:15.056+0000] {standard_task_runner.py:83} INFO - Job 124: Subtask t2
[2024-08-28T02:04:15.122+0000] {task_command.py:376} INFO - Running <TaskInstance: xcom_dag.t2 scheduled__2024-08-27T00:00:00+00:00 [running]> on host 1542d298b92a
[2024-08-28T02:04:15.201+0000] {taskinstance.py:1592} INFO - Exporting the following env vars:
AIRFLOW_CTX_DAG_OWNER=***
AIRFLOW_CTX_DAG_ID=xcom_dag
AIRFLOW_CTX_TASK_ID=t2
AIRFLOW_CTX_EXECUTION_DATE=2024-08-27T00:00:00+00:00
AIRFLOW_CTX_TRY_NUMBER=2
AIRFLOW_CTX_DAG_RUN_ID=scheduled__2024-08-27T00:00:00+00:00
[2024-08-28T02:04:15.216+0000] {python.py:177} INFO - Done. Returned value was: None
[2024-08-28T02:04:15.228+0000] {taskinstance.py:1406} INFO - Marking task as SUCCESS. dag_id=xcom_dag, task_id=t2, execution_date=20240827T000000, start_date=20240828T020415, end_date=20240828T020415
[2024-08-28T02:04:15.267+0000] {local_task_job.py:164} INFO - Task exited with return code 0
[2024-08-28T02:04:15.300+0000] {local_task_job.py:273} INFO - 1 downstream tasks scheduled from follow-on schedule check
