[2024-08-27T21:18:44.950+0000] {taskinstance.py:1165} INFO - Dependencies all met for <TaskInstance: group_dag.transforms manual__2024-08-27T21:17:31.185600+00:00 [queued]>
[2024-08-27T21:18:44.960+0000] {taskinstance.py:1165} INFO - Dependencies all met for <TaskInstance: group_dag.transforms manual__2024-08-27T21:17:31.185600+00:00 [queued]>
[2024-08-27T21:18:44.960+0000] {taskinstance.py:1362} INFO - 
--------------------------------------------------------------------------------
[2024-08-27T21:18:44.960+0000] {taskinstance.py:1363} INFO - Starting attempt 1 of 1
[2024-08-27T21:18:44.960+0000] {taskinstance.py:1364} INFO - 
--------------------------------------------------------------------------------
[2024-08-27T21:18:44.975+0000] {taskinstance.py:1383} INFO - Executing <Task(SubDagOperator): transforms> on 2024-08-27 21:17:31.185600+00:00
[2024-08-27T21:18:44.984+0000] {standard_task_runner.py:55} INFO - Started process 3037 to run task
[2024-08-27T21:18:44.987+0000] {standard_task_runner.py:82} INFO - Running: ['***', 'tasks', 'run', 'group_dag', 'transforms', 'manual__2024-08-27T21:17:31.185600+00:00', '--job-id', '95', '--raw', '--subdir', 'DAGS_FOLDER/course_group_dag.py', '--cfg-path', '/tmp/tmpl8h2s2v1']
[2024-08-27T21:18:44.988+0000] {standard_task_runner.py:83} INFO - Job 95: Subtask transforms
[2024-08-27T21:18:45.050+0000] {task_command.py:376} INFO - Running <TaskInstance: group_dag.transforms manual__2024-08-27T21:17:31.185600+00:00 [running]> on host 481ff13a8537
[2024-08-27T21:18:45.125+0000] {taskinstance.py:1592} INFO - Exporting the following env vars:
AIRFLOW_CTX_DAG_OWNER=***
AIRFLOW_CTX_DAG_ID=group_dag
AIRFLOW_CTX_TASK_ID=transforms
AIRFLOW_CTX_EXECUTION_DATE=2024-08-27T21:17:31.185600+00:00
AIRFLOW_CTX_TRY_NUMBER=1
AIRFLOW_CTX_DAG_RUN_ID=manual__2024-08-27T21:17:31.185600+00:00
[2024-08-27T21:18:45.126+0000] {warnings.py:110} WARNING - /home/***/.local/lib/python3.7/site-packages/***/utils/context.py:204: AirflowContextDeprecationWarning: Accessing 'execution_date' from the template is deprecated and will be removed in a future version. Please use 'data_interval_start' or 'logical_date' instead.
  warnings.warn(_create_deprecation_warning(key, self._deprecation_replacements[key]))

[2024-08-27T21:18:45.155+0000] {subdag.py:171} INFO - Created DagRun: scheduled__2024-08-27T21:17:31.185600+00:00
[2024-08-27T21:19:45.201+0000] {base.py:213} INFO - Success criteria met. Exiting.
[2024-08-27T21:19:45.208+0000] {subdag.py:186} INFO - Execution finished. State is success
[2024-08-27T21:19:45.220+0000] {taskinstance.py:1406} INFO - Marking task as SUCCESS. dag_id=group_dag, task_id=transforms, execution_date=20240827T211731, start_date=20240827T211844, end_date=20240827T211945
[2024-08-27T21:19:45.272+0000] {local_task_job.py:164} INFO - Task exited with return code 0
[2024-08-27T21:19:45.291+0000] {local_task_job.py:273} INFO - 0 downstream tasks scheduled from follow-on schedule check
