[2024-08-28T00:43:45.515+0000] {taskinstance.py:1165} INFO - Dependencies all met for <TaskInstance: group_dag.transforms.transform_b scheduled__2024-08-27T00:00:00+00:00 [queued]>
[2024-08-28T00:43:45.525+0000] {taskinstance.py:1165} INFO - Dependencies all met for <TaskInstance: group_dag.transforms.transform_b scheduled__2024-08-27T00:00:00+00:00 [queued]>
[2024-08-28T00:43:45.525+0000] {taskinstance.py:1362} INFO - 
--------------------------------------------------------------------------------
[2024-08-28T00:43:45.525+0000] {taskinstance.py:1363} INFO - Starting attempt 1 of 1
[2024-08-28T00:43:45.525+0000] {taskinstance.py:1364} INFO - 
--------------------------------------------------------------------------------
[2024-08-28T00:43:45.543+0000] {taskinstance.py:1383} INFO - Executing <Task(BashOperator): transform_b> on 2024-08-27 00:00:00+00:00
[2024-08-28T00:43:45.552+0000] {standard_task_runner.py:55} INFO - Started process 147 to run task
[2024-08-28T00:43:45.556+0000] {standard_task_runner.py:82} INFO - Running: ['***', 'tasks', 'run', 'group_dag.transforms', 'transform_b', 'scheduled__2024-08-27T00:00:00+00:00', '--job-id', '110', '--raw', '--subdir', 'DAGS_FOLDER/course_group_dag.py', '--cfg-path', '/tmp/tmp4tlrh_nv']
[2024-08-28T00:43:45.556+0000] {standard_task_runner.py:83} INFO - Job 110: Subtask transform_b
[2024-08-28T00:43:45.620+0000] {task_command.py:376} INFO - Running <TaskInstance: group_dag.transforms.transform_b scheduled__2024-08-27T00:00:00+00:00 [running]> on host 481ff13a8537
[2024-08-28T00:43:45.697+0000] {taskinstance.py:1592} INFO - Exporting the following env vars:
AIRFLOW_CTX_DAG_OWNER=***
AIRFLOW_CTX_DAG_ID=group_dag.transforms
AIRFLOW_CTX_TASK_ID=transform_b
AIRFLOW_CTX_EXECUTION_DATE=2024-08-27T00:00:00+00:00
AIRFLOW_CTX_TRY_NUMBER=1
AIRFLOW_CTX_DAG_RUN_ID=scheduled__2024-08-27T00:00:00+00:00
[2024-08-28T00:43:45.698+0000] {subprocess.py:63} INFO - Tmp dir root location: 
 /tmp
[2024-08-28T00:43:45.699+0000] {subprocess.py:75} INFO - Running command: ['/bin/bash', '-c', 'sleep 10']
[2024-08-28T00:43:45.717+0000] {subprocess.py:86} INFO - Output:
[2024-08-28T00:43:55.721+0000] {subprocess.py:97} INFO - Command exited with return code 0
[2024-08-28T00:43:55.748+0000] {taskinstance.py:1406} INFO - Marking task as SUCCESS. dag_id=group_dag.transforms, task_id=transform_b, execution_date=20240827T000000, start_date=20240828T004345, end_date=20240828T004355
[2024-08-28T00:43:55.782+0000] {local_task_job.py:164} INFO - Task exited with return code 0
[2024-08-28T00:43:55.810+0000] {local_task_job.py:273} INFO - 0 downstream tasks scheduled from follow-on schedule check
