[2024-08-23T19:31:07.931+0000] {taskinstance.py:1165} INFO - Dependencies all met for <TaskInstance: course_consumer.read_dataset dataset_triggered__2024-08-23T19:31:07.330589+00:00 [queued]>
[2024-08-23T19:31:07.941+0000] {taskinstance.py:1165} INFO - Dependencies all met for <TaskInstance: course_consumer.read_dataset dataset_triggered__2024-08-23T19:31:07.330589+00:00 [queued]>
[2024-08-23T19:31:07.941+0000] {taskinstance.py:1362} INFO - 
--------------------------------------------------------------------------------
[2024-08-23T19:31:07.941+0000] {taskinstance.py:1363} INFO - Starting attempt 1 of 1
[2024-08-23T19:31:07.941+0000] {taskinstance.py:1364} INFO - 
--------------------------------------------------------------------------------
[2024-08-23T19:31:07.956+0000] {taskinstance.py:1383} INFO - Executing <Task(_PythonDecoratedOperator): read_dataset> on 2024-08-23 19:31:07.330589+00:00
[2024-08-23T19:31:07.964+0000] {standard_task_runner.py:55} INFO - Started process 9349 to run task
[2024-08-23T19:31:07.967+0000] {standard_task_runner.py:82} INFO - Running: ['***', 'tasks', 'run', 'course_consumer', 'read_dataset', 'dataset_triggered__2024-08-23T19:31:07.330589+00:00', '--job-id', '36', '--raw', '--subdir', 'DAGS_FOLDER/course_consumer.py', '--cfg-path', '/tmp/tmpc_465ab3']
[2024-08-23T19:31:07.968+0000] {standard_task_runner.py:83} INFO - Job 36: Subtask read_dataset
[2024-08-23T19:31:08.034+0000] {task_command.py:376} INFO - Running <TaskInstance: course_consumer.read_dataset dataset_triggered__2024-08-23T19:31:07.330589+00:00 [running]> on host 3d22c4bb5c30
[2024-08-23T19:31:08.110+0000] {taskinstance.py:1592} INFO - Exporting the following env vars:
AIRFLOW_CTX_DAG_OWNER=***
AIRFLOW_CTX_DAG_ID=course_consumer
AIRFLOW_CTX_TASK_ID=read_dataset
AIRFLOW_CTX_EXECUTION_DATE=2024-08-23T19:31:07.330589+00:00
AIRFLOW_CTX_TRY_NUMBER=1
AIRFLOW_CTX_DAG_RUN_ID=dataset_triggered__2024-08-23T19:31:07.330589+00:00
[2024-08-23T19:31:08.111+0000] {logging_mixin.py:120} INFO - Update producedUpdate produced
[2024-08-23T19:31:08.111+0000] {python.py:177} INFO - Done. Returned value was: None
[2024-08-23T19:31:08.123+0000] {taskinstance.py:1406} INFO - Marking task as SUCCESS. dag_id=course_consumer, task_id=read_dataset, execution_date=20240823T193107, start_date=20240823T193107, end_date=20240823T193108
[2024-08-23T19:31:08.179+0000] {local_task_job.py:164} INFO - Task exited with return code 0
[2024-08-23T19:31:08.199+0000] {local_task_job.py:273} INFO - 0 downstream tasks scheduled from follow-on schedule check
