[2024-08-29T17:11:09.456+0000] {taskinstance.py:1165} INFO - Dependencies all met for <TaskInstance: elastic_dag.print_es_info scheduled__2024-08-28T00:00:00+00:00 [queued]>
[2024-08-29T17:11:09.472+0000] {taskinstance.py:1165} INFO - Dependencies all met for <TaskInstance: elastic_dag.print_es_info scheduled__2024-08-28T00:00:00+00:00 [queued]>
[2024-08-29T17:11:09.473+0000] {taskinstance.py:1362} INFO - 
--------------------------------------------------------------------------------
[2024-08-29T17:11:09.473+0000] {taskinstance.py:1363} INFO - Starting attempt 1 of 1
[2024-08-29T17:11:09.473+0000] {taskinstance.py:1364} INFO - 
--------------------------------------------------------------------------------
[2024-08-29T17:11:09.490+0000] {taskinstance.py:1383} INFO - Executing <Task(PythonOperator): print_es_info> on 2024-08-28 00:00:00+00:00
[2024-08-29T17:11:09.502+0000] {standard_task_runner.py:55} INFO - Started process 3674 to run task
[2024-08-29T17:11:09.506+0000] {standard_task_runner.py:82} INFO - Running: ['***', 'tasks', 'run', 'elastic_dag', 'print_es_info', 'scheduled__2024-08-28T00:00:00+00:00', '--job-id', '159', '--raw', '--subdir', 'DAGS_FOLDER/course_elastic_dag.py', '--cfg-path', '/tmp/tmp7lh9pf9u']
[2024-08-29T17:11:09.509+0000] {standard_task_runner.py:83} INFO - Job 159: Subtask print_es_info
[2024-08-29T17:11:09.602+0000] {task_command.py:376} INFO - Running <TaskInstance: elastic_dag.print_es_info scheduled__2024-08-28T00:00:00+00:00 [running]> on host 15e03dfad604
[2024-08-29T17:11:09.696+0000] {taskinstance.py:1592} INFO - Exporting the following env vars:
AIRFLOW_CTX_DAG_OWNER=***
AIRFLOW_CTX_DAG_ID=elastic_dag
AIRFLOW_CTX_TASK_ID=print_es_info
AIRFLOW_CTX_EXECUTION_DATE=2024-08-28T00:00:00+00:00
AIRFLOW_CTX_TRY_NUMBER=1
AIRFLOW_CTX_DAG_RUN_ID=scheduled__2024-08-28T00:00:00+00:00
[2024-08-29T17:11:09.708+0000] {base.py:71} INFO - Using connection ID 'elastic_default' for task execution.
[2024-08-29T17:11:09.717+0000] {base.py:271} INFO - GET http://elastic:9200/ [status:200 request:0.007s]
[2024-08-29T17:11:09.717+0000] {logging_mixin.py:120} INFO - {'name': '4d77820ed458', 'cluster_name': 'docker-cluster', 'cluster_uuid': 'yyp3HQGAQZaRJElgLNAMNw', 'version': {'number': '8.3.3', 'build_flavor': 'default', 'build_type': 'docker', 'build_hash': '801fed82df74dbe537f89b71b098ccaff88d2c56', 'build_date': '2022-07-23T19:30:09.227964828Z', 'build_snapshot': False, 'lucene_version': '9.2.0', 'minimum_wire_compatibility_version': '7.17.0', 'minimum_index_compatibility_version': '7.0.0'}, 'tagline': 'You Know, for Search'}
[2024-08-29T17:11:09.718+0000] {python.py:177} INFO - Done. Returned value was: None
[2024-08-29T17:11:09.732+0000] {taskinstance.py:1406} INFO - Marking task as SUCCESS. dag_id=elastic_dag, task_id=print_es_info, execution_date=20240828T000000, start_date=20240829T171109, end_date=20240829T171109
[2024-08-29T17:11:09.798+0000] {local_task_job.py:164} INFO - Task exited with return code 0
[2024-08-29T17:11:09.834+0000] {local_task_job.py:273} INFO - 0 downstream tasks scheduled from follow-on schedule check
