[2024-08-22T00:30:52.844+0000] {taskinstance.py:1165} INFO - Dependencies all met for <TaskInstance: user_processing.create_table scheduled__2024-08-21T00:00:00+00:00 [queued]>
[2024-08-22T00:30:52.854+0000] {taskinstance.py:1165} INFO - Dependencies all met for <TaskInstance: user_processing.create_table scheduled__2024-08-21T00:00:00+00:00 [queued]>
[2024-08-22T00:30:52.854+0000] {taskinstance.py:1362} INFO - 
--------------------------------------------------------------------------------
[2024-08-22T00:30:52.854+0000] {taskinstance.py:1363} INFO - Starting attempt 2 of 2
[2024-08-22T00:30:52.855+0000] {taskinstance.py:1364} INFO - 
--------------------------------------------------------------------------------
[2024-08-22T00:30:52.870+0000] {taskinstance.py:1383} INFO - Executing <Task(PostgresOperator): create_table> on 2024-08-21 00:00:00+00:00
[2024-08-22T00:30:52.880+0000] {standard_task_runner.py:55} INFO - Started process 2538 to run task
[2024-08-22T00:30:52.884+0000] {standard_task_runner.py:82} INFO - Running: ['***', 'tasks', 'run', 'user_processing', 'create_table', 'scheduled__2024-08-21T00:00:00+00:00', '--job-id', '25', '--raw', '--subdir', 'DAGS_FOLDER/user_processing.py', '--cfg-path', '/tmp/tmpxdf8zn4o']
[2024-08-22T00:30:52.886+0000] {standard_task_runner.py:83} INFO - Job 25: Subtask create_table
[2024-08-22T00:30:52.953+0000] {task_command.py:376} INFO - Running <TaskInstance: user_processing.create_table scheduled__2024-08-21T00:00:00+00:00 [running]> on host 3d22c4bb5c30
[2024-08-22T00:30:53.029+0000] {taskinstance.py:1592} INFO - Exporting the following env vars:
AIRFLOW_CTX_DAG_OWNER=***
AIRFLOW_CTX_DAG_ID=user_processing
AIRFLOW_CTX_TASK_ID=create_table
AIRFLOW_CTX_EXECUTION_DATE=2024-08-21T00:00:00+00:00
AIRFLOW_CTX_TRY_NUMBER=2
AIRFLOW_CTX_DAG_RUN_ID=scheduled__2024-08-21T00:00:00+00:00
[2024-08-22T00:30:53.040+0000] {base.py:71} INFO - Using connection ID 'postgres' for task execution.
[2024-08-22T00:30:53.044+0000] {sql.py:315} INFO - Running statement: 
            CREATE TABLE IF NOT EXISTS users(
                fistname TEXT NOT NULL,
                lastname TEXT NOT NULL,
                country TEXT NOT NULL,
                username TEXT NOT NULL,
                password TEXT NOT NULL,
                email TEXT NOT NULL
            );
        , parameters: None
[2024-08-22T00:30:53.073+0000] {taskinstance.py:1406} INFO - Marking task as SUCCESS. dag_id=user_processing, task_id=create_table, execution_date=20240821T000000, start_date=20240822T003052, end_date=20240822T003053
[2024-08-22T00:30:53.135+0000] {local_task_job.py:164} INFO - Task exited with return code 0
[2024-08-22T00:30:53.171+0000] {local_task_job.py:273} INFO - 1 downstream tasks scheduled from follow-on schedule check
