[2024-08-27T18:31:57.875+0000] {taskinstance.py:1165} INFO - Dependencies all met for <TaskInstance: course_parallel_dag.load_b scheduled__2024-08-26T18:31:28.144927+00:00 [queued]>
[2024-08-27T18:31:57.885+0000] {taskinstance.py:1165} INFO - Dependencies all met for <TaskInstance: course_parallel_dag.load_b scheduled__2024-08-26T18:31:28.144927+00:00 [queued]>
[2024-08-27T18:31:57.885+0000] {taskinstance.py:1362} INFO - 
--------------------------------------------------------------------------------
[2024-08-27T18:31:57.885+0000] {taskinstance.py:1363} INFO - Starting attempt 1 of 1
[2024-08-27T18:31:57.886+0000] {taskinstance.py:1364} INFO - 
--------------------------------------------------------------------------------
[2024-08-27T18:31:57.900+0000] {taskinstance.py:1383} INFO - Executing <Task(BashOperator): load_b> on 2024-08-26 18:31:28.144927+00:00
[2024-08-27T18:31:57.908+0000] {standard_task_runner.py:55} INFO - Started process 3633 to run task
[2024-08-27T18:31:57.911+0000] {standard_task_runner.py:82} INFO - Running: ['***', 'tasks', 'run', 'course_parallel_dag', 'load_b', 'scheduled__2024-08-26T18:31:28.144927+00:00', '--job-id', '58', '--raw', '--subdir', 'DAGS_FOLDER/course_parallel_dag.py', '--cfg-path', '/tmp/tmpp1dy77pq']
[2024-08-27T18:31:57.911+0000] {standard_task_runner.py:83} INFO - Job 58: Subtask load_b
[2024-08-27T18:31:57.971+0000] {task_command.py:376} INFO - Running <TaskInstance: course_parallel_dag.load_b scheduled__2024-08-26T18:31:28.144927+00:00 [running]> on host 63c156c189e8
[2024-08-27T18:31:58.045+0000] {taskinstance.py:1592} INFO - Exporting the following env vars:
AIRFLOW_CTX_DAG_OWNER=***
AIRFLOW_CTX_DAG_ID=course_parallel_dag
AIRFLOW_CTX_TASK_ID=load_b
AIRFLOW_CTX_EXECUTION_DATE=2024-08-26T18:31:28.144927+00:00
AIRFLOW_CTX_TRY_NUMBER=1
AIRFLOW_CTX_DAG_RUN_ID=scheduled__2024-08-26T18:31:28.144927+00:00
[2024-08-27T18:31:58.046+0000] {subprocess.py:63} INFO - Tmp dir root location: 
 /tmp
[2024-08-27T18:31:58.046+0000] {subprocess.py:75} INFO - Running command: ['/bin/bash', '-c', 'sleep 10']
[2024-08-27T18:31:58.064+0000] {subprocess.py:86} INFO - Output:
[2024-08-27T18:32:08.069+0000] {subprocess.py:97} INFO - Command exited with return code 0
[2024-08-27T18:32:08.099+0000] {taskinstance.py:1406} INFO - Marking task as SUCCESS. dag_id=course_parallel_dag, task_id=load_b, execution_date=20240826T183128, start_date=20240827T183157, end_date=20240827T183208
[2024-08-27T18:32:08.161+0000] {local_task_job.py:164} INFO - Task exited with return code 0
[2024-08-27T18:32:08.184+0000] {local_task_job.py:273} INFO - 1 downstream tasks scheduled from follow-on schedule check
