[2024-08-23T19:36:06.744+0000] {taskinstance.py:1165} INFO - Dependencies all met for <TaskInstance: course_producer.update_dataset_2 manual__2024-08-23T19:36:04.594994+00:00 [queued]>
[2024-08-23T19:36:06.754+0000] {taskinstance.py:1165} INFO - Dependencies all met for <TaskInstance: course_producer.update_dataset_2 manual__2024-08-23T19:36:04.594994+00:00 [queued]>
[2024-08-23T19:36:06.755+0000] {taskinstance.py:1362} INFO - 
--------------------------------------------------------------------------------
[2024-08-23T19:36:06.755+0000] {taskinstance.py:1363} INFO - Starting attempt 1 of 1
[2024-08-23T19:36:06.755+0000] {taskinstance.py:1364} INFO - 
--------------------------------------------------------------------------------
[2024-08-23T19:36:06.770+0000] {taskinstance.py:1383} INFO - Executing <Task(_PythonDecoratedOperator): update_dataset_2> on 2024-08-23 19:36:04.594994+00:00
[2024-08-23T19:36:06.778+0000] {standard_task_runner.py:55} INFO - Started process 9594 to run task
[2024-08-23T19:36:06.781+0000] {standard_task_runner.py:82} INFO - Running: ['***', 'tasks', 'run', 'course_producer', 'update_dataset_2', 'manual__2024-08-23T19:36:04.594994+00:00', '--job-id', '41', '--raw', '--subdir', 'DAGS_FOLDER/course_producer.py', '--cfg-path', '/tmp/tmpuudmc8w5']
[2024-08-23T19:36:06.782+0000] {standard_task_runner.py:83} INFO - Job 41: Subtask update_dataset_2
[2024-08-23T19:36:06.844+0000] {task_command.py:376} INFO - Running <TaskInstance: course_producer.update_dataset_2 manual__2024-08-23T19:36:04.594994+00:00 [running]> on host 3d22c4bb5c30
[2024-08-23T19:36:06.919+0000] {taskinstance.py:1592} INFO - Exporting the following env vars:
AIRFLOW_CTX_DAG_OWNER=***
AIRFLOW_CTX_DAG_ID=course_producer
AIRFLOW_CTX_TASK_ID=update_dataset_2
AIRFLOW_CTX_EXECUTION_DATE=2024-08-23T19:36:04.594994+00:00
AIRFLOW_CTX_TRY_NUMBER=1
AIRFLOW_CTX_DAG_RUN_ID=manual__2024-08-23T19:36:04.594994+00:00
[2024-08-23T19:36:06.920+0000] {python.py:177} INFO - Done. Returned value was: None
[2024-08-23T19:36:06.922+0000] {warnings.py:110} WARNING - /home/***/.local/lib/python3.7/site-packages/***/models/baseoperator.py:1390: RemovedInAirflow3Warning: Passing 'execution_date' to 'TaskInstance.xcom_push()' is deprecated.
  context['ti'].xcom_push(key=key, value=value, execution_date=execution_date)

[2024-08-23T19:36:06.946+0000] {taskinstance.py:1406} INFO - Marking task as SUCCESS. dag_id=course_producer, task_id=update_dataset_2, execution_date=20240823T193604, start_date=20240823T193606, end_date=20240823T193606
[2024-08-23T19:36:06.992+0000] {local_task_job.py:164} INFO - Task exited with return code 0
[2024-08-23T19:36:07.012+0000] {local_task_job.py:273} INFO - 0 downstream tasks scheduled from follow-on schedule check
