[2024-08-27T21:18:46.392+0000] {taskinstance.py:1165} INFO - Dependencies all met for <TaskInstance: group_dag.transforms.transform_c scheduled__2024-08-27T21:17:31.185600+00:00 [queued]>
[2024-08-27T21:18:46.402+0000] {taskinstance.py:1165} INFO - Dependencies all met for <TaskInstance: group_dag.transforms.transform_c scheduled__2024-08-27T21:17:31.185600+00:00 [queued]>
[2024-08-27T21:18:46.402+0000] {taskinstance.py:1362} INFO - 
--------------------------------------------------------------------------------
[2024-08-27T21:18:46.403+0000] {taskinstance.py:1363} INFO - Starting attempt 1 of 1
[2024-08-27T21:18:46.403+0000] {taskinstance.py:1364} INFO - 
--------------------------------------------------------------------------------
[2024-08-27T21:18:46.418+0000] {taskinstance.py:1383} INFO - Executing <Task(BashOperator): transform_c> on 2024-08-27 21:17:31.185600+00:00
[2024-08-27T21:18:46.427+0000] {standard_task_runner.py:55} INFO - Started process 3043 to run task
[2024-08-27T21:18:46.430+0000] {standard_task_runner.py:82} INFO - Running: ['***', 'tasks', 'run', 'group_dag.transforms', 'transform_c', 'scheduled__2024-08-27T21:17:31.185600+00:00', '--job-id', '98', '--raw', '--subdir', 'DAGS_FOLDER/course_group_dag.py', '--cfg-path', '/tmp/tmply4fu6z0']
[2024-08-27T21:18:46.431+0000] {standard_task_runner.py:83} INFO - Job 98: Subtask transform_c
[2024-08-27T21:18:46.494+0000] {task_command.py:376} INFO - Running <TaskInstance: group_dag.transforms.transform_c scheduled__2024-08-27T21:17:31.185600+00:00 [running]> on host 481ff13a8537
[2024-08-27T21:18:46.584+0000] {taskinstance.py:1592} INFO - Exporting the following env vars:
AIRFLOW_CTX_DAG_OWNER=***
AIRFLOW_CTX_DAG_ID=group_dag.transforms
AIRFLOW_CTX_TASK_ID=transform_c
AIRFLOW_CTX_EXECUTION_DATE=2024-08-27T21:17:31.185600+00:00
AIRFLOW_CTX_TRY_NUMBER=1
AIRFLOW_CTX_DAG_RUN_ID=scheduled__2024-08-27T21:17:31.185600+00:00
[2024-08-27T21:18:46.585+0000] {subprocess.py:63} INFO - Tmp dir root location: 
 /tmp
[2024-08-27T21:18:46.585+0000] {subprocess.py:75} INFO - Running command: ['/bin/bash', '-c', 'sleep 10']
[2024-08-27T21:18:46.603+0000] {subprocess.py:86} INFO - Output:
[2024-08-27T21:18:56.608+0000] {subprocess.py:97} INFO - Command exited with return code 0
[2024-08-27T21:18:56.638+0000] {taskinstance.py:1406} INFO - Marking task as SUCCESS. dag_id=group_dag.transforms, task_id=transform_c, execution_date=20240827T211731, start_date=20240827T211846, end_date=20240827T211856
[2024-08-27T21:18:56.683+0000] {local_task_job.py:164} INFO - Task exited with return code 0
[2024-08-27T21:18:56.719+0000] {local_task_job.py:273} INFO - 0 downstream tasks scheduled from follow-on schedule check
