[2024-08-27T21:12:15.014+0000] {taskinstance.py:1165} INFO - Dependencies all met for <TaskInstance: group_dag.downloads.download_a scheduled__2024-08-27T21:12:12.950505+00:00 [queued]>
[2024-08-27T21:12:15.024+0000] {taskinstance.py:1165} INFO - Dependencies all met for <TaskInstance: group_dag.downloads.download_a scheduled__2024-08-27T21:12:12.950505+00:00 [queued]>
[2024-08-27T21:12:15.025+0000] {taskinstance.py:1362} INFO - 
--------------------------------------------------------------------------------
[2024-08-27T21:12:15.025+0000] {taskinstance.py:1363} INFO - Starting attempt 1 of 1
[2024-08-27T21:12:15.025+0000] {taskinstance.py:1364} INFO - 
--------------------------------------------------------------------------------
[2024-08-27T21:12:15.051+0000] {taskinstance.py:1383} INFO - Executing <Task(BashOperator): download_a> on 2024-08-27 21:12:12.950505+00:00
[2024-08-27T21:12:15.061+0000] {standard_task_runner.py:55} INFO - Started process 2706 to run task
[2024-08-27T21:12:15.064+0000] {standard_task_runner.py:82} INFO - Running: ['***', 'tasks', 'run', 'group_dag.downloads', 'download_a', 'scheduled__2024-08-27T21:12:12.950505+00:00', '--job-id', '86', '--raw', '--subdir', 'DAGS_FOLDER/course_group_dag.py', '--cfg-path', '/tmp/tmp1dv7jqz3']
[2024-08-27T21:12:15.065+0000] {standard_task_runner.py:83} INFO - Job 86: Subtask download_a
[2024-08-27T21:12:15.131+0000] {task_command.py:376} INFO - Running <TaskInstance: group_dag.downloads.download_a scheduled__2024-08-27T21:12:12.950505+00:00 [running]> on host 481ff13a8537
[2024-08-27T21:12:15.211+0000] {taskinstance.py:1592} INFO - Exporting the following env vars:
AIRFLOW_CTX_DAG_OWNER=***
AIRFLOW_CTX_DAG_ID=group_dag.downloads
AIRFLOW_CTX_TASK_ID=download_a
AIRFLOW_CTX_EXECUTION_DATE=2024-08-27T21:12:12.950505+00:00
AIRFLOW_CTX_TRY_NUMBER=1
AIRFLOW_CTX_DAG_RUN_ID=scheduled__2024-08-27T21:12:12.950505+00:00
[2024-08-27T21:12:15.212+0000] {subprocess.py:63} INFO - Tmp dir root location: 
 /tmp
[2024-08-27T21:12:15.212+0000] {subprocess.py:75} INFO - Running command: ['/bin/bash', '-c', 'sleep 10']
[2024-08-27T21:12:15.232+0000] {subprocess.py:86} INFO - Output:
[2024-08-27T21:12:25.236+0000] {subprocess.py:97} INFO - Command exited with return code 0
[2024-08-27T21:12:25.270+0000] {taskinstance.py:1406} INFO - Marking task as SUCCESS. dag_id=group_dag.downloads, task_id=download_a, execution_date=20240827T211212, start_date=20240827T211215, end_date=20240827T211225
[2024-08-27T21:12:25.313+0000] {local_task_job.py:164} INFO - Task exited with return code 0
[2024-08-27T21:12:25.346+0000] {local_task_job.py:273} INFO - 0 downstream tasks scheduled from follow-on schedule check
