[2024-08-22T00:25:43.538+0000] {taskinstance.py:1165} INFO - Dependencies all met for <TaskInstance: user_processing.process_user scheduled__2024-08-21T00:00:00+00:00 [queued]>
[2024-08-22T00:25:43.548+0000] {taskinstance.py:1165} INFO - Dependencies all met for <TaskInstance: user_processing.process_user scheduled__2024-08-21T00:00:00+00:00 [queued]>
[2024-08-22T00:25:43.548+0000] {taskinstance.py:1362} INFO - 
--------------------------------------------------------------------------------
[2024-08-22T00:25:43.548+0000] {taskinstance.py:1363} INFO - Starting attempt 1 of 1
[2024-08-22T00:25:43.548+0000] {taskinstance.py:1364} INFO - 
--------------------------------------------------------------------------------
[2024-08-22T00:25:43.562+0000] {taskinstance.py:1383} INFO - Executing <Task(PythonOperator): process_user> on 2024-08-21 00:00:00+00:00
[2024-08-22T00:25:43.571+0000] {standard_task_runner.py:55} INFO - Started process 2289 to run task
[2024-08-22T00:25:43.575+0000] {standard_task_runner.py:82} INFO - Running: ['***', 'tasks', 'run', 'user_processing', 'process_user', 'scheduled__2024-08-21T00:00:00+00:00', '--job-id', '23', '--raw', '--subdir', 'DAGS_FOLDER/user_processing.py', '--cfg-path', '/tmp/tmpbdq6kv01']
[2024-08-22T00:25:43.577+0000] {standard_task_runner.py:83} INFO - Job 23: Subtask process_user
[2024-08-22T00:25:43.641+0000] {task_command.py:376} INFO - Running <TaskInstance: user_processing.process_user scheduled__2024-08-21T00:00:00+00:00 [running]> on host 3d22c4bb5c30
[2024-08-22T00:25:43.714+0000] {taskinstance.py:1592} INFO - Exporting the following env vars:
AIRFLOW_CTX_DAG_OWNER=***
AIRFLOW_CTX_DAG_ID=user_processing
AIRFLOW_CTX_TASK_ID=process_user
AIRFLOW_CTX_EXECUTION_DATE=2024-08-21T00:00:00+00:00
AIRFLOW_CTX_TRY_NUMBER=1
AIRFLOW_CTX_DAG_RUN_ID=scheduled__2024-08-21T00:00:00+00:00
[2024-08-22T00:25:43.736+0000] {python.py:177} INFO - Done. Returned value was: None
[2024-08-22T00:25:43.747+0000] {taskinstance.py:1406} INFO - Marking task as SUCCESS. dag_id=user_processing, task_id=process_user, execution_date=20240821T000000, start_date=20240822T002543, end_date=20240822T002543
[2024-08-22T00:25:43.786+0000] {local_task_job.py:164} INFO - Task exited with return code 0
[2024-08-22T00:25:43.811+0000] {local_task_job.py:273} INFO - 1 downstream tasks scheduled from follow-on schedule check
