[2024-08-27T17:11:08.793+0000] {taskinstance.py:1165} INFO - Dependencies all met for <TaskInstance: course_consumer.read_dataset dataset_triggered__2024-08-27T17:11:07.750811+00:00 [queued]>
[2024-08-27T17:11:08.802+0000] {taskinstance.py:1165} INFO - Dependencies all met for <TaskInstance: course_consumer.read_dataset dataset_triggered__2024-08-27T17:11:07.750811+00:00 [queued]>
[2024-08-27T17:11:08.803+0000] {taskinstance.py:1362} INFO - 
--------------------------------------------------------------------------------
[2024-08-27T17:11:08.803+0000] {taskinstance.py:1363} INFO - Starting attempt 1 of 1
[2024-08-27T17:11:08.803+0000] {taskinstance.py:1364} INFO - 
--------------------------------------------------------------------------------
[2024-08-27T17:11:08.817+0000] {taskinstance.py:1383} INFO - Executing <Task(_PythonDecoratedOperator): read_dataset> on 2024-08-27 17:11:07.750811+00:00
[2024-08-27T17:11:08.824+0000] {standard_task_runner.py:55} INFO - Started process 81 to run task
[2024-08-27T17:11:08.827+0000] {standard_task_runner.py:82} INFO - Running: ['***', 'tasks', 'run', 'course_consumer', 'read_dataset', 'dataset_triggered__2024-08-27T17:11:07.750811+00:00', '--job-id', '53', '--raw', '--subdir', 'DAGS_FOLDER/course_consumer.py', '--cfg-path', '/tmp/tmpn19amoel']
[2024-08-27T17:11:08.828+0000] {standard_task_runner.py:83} INFO - Job 53: Subtask read_dataset
[2024-08-27T17:11:08.888+0000] {task_command.py:376} INFO - Running <TaskInstance: course_consumer.read_dataset dataset_triggered__2024-08-27T17:11:07.750811+00:00 [running]> on host 63c156c189e8
[2024-08-27T17:11:08.961+0000] {taskinstance.py:1592} INFO - Exporting the following env vars:
AIRFLOW_CTX_DAG_OWNER=***
AIRFLOW_CTX_DAG_ID=course_consumer
AIRFLOW_CTX_TASK_ID=read_dataset
AIRFLOW_CTX_EXECUTION_DATE=2024-08-27T17:11:07.750811+00:00
AIRFLOW_CTX_TRY_NUMBER=1
AIRFLOW_CTX_DAG_RUN_ID=dataset_triggered__2024-08-27T17:11:07.750811+00:00
[2024-08-27T17:11:08.962+0000] {logging_mixin.py:120} INFO - This is from dataset my_file: Update producedUpdate produced
[2024-08-27T17:11:08.962+0000] {logging_mixin.py:120} INFO - This is from dateset my_file_2: Update produced In DAG 2Update produced In DAG 2
[2024-08-27T17:11:08.962+0000] {python.py:177} INFO - Done. Returned value was: None
[2024-08-27T17:11:08.973+0000] {taskinstance.py:1406} INFO - Marking task as SUCCESS. dag_id=course_consumer, task_id=read_dataset, execution_date=20240827T171107, start_date=20240827T171108, end_date=20240827T171108
[2024-08-27T17:11:08.999+0000] {local_task_job.py:164} INFO - Task exited with return code 0
[2024-08-27T17:11:09.019+0000] {local_task_job.py:273} INFO - 0 downstream tasks scheduled from follow-on schedule check
