[2024-08-27T18:57:19.089+0000] {taskinstance.py:1165} INFO - Dependencies all met for <TaskInstance: course_parallel_dag.load_b manual__2024-08-27T18:57:06.997428+00:00 [queued]>
[2024-08-27T18:57:19.099+0000] {taskinstance.py:1165} INFO - Dependencies all met for <TaskInstance: course_parallel_dag.load_b manual__2024-08-27T18:57:06.997428+00:00 [queued]>
[2024-08-27T18:57:19.099+0000] {taskinstance.py:1362} INFO - 
--------------------------------------------------------------------------------
[2024-08-27T18:57:19.099+0000] {taskinstance.py:1363} INFO - Starting attempt 1 of 1
[2024-08-27T18:57:19.099+0000] {taskinstance.py:1364} INFO - 
--------------------------------------------------------------------------------
[2024-08-27T18:57:19.114+0000] {taskinstance.py:1383} INFO - Executing <Task(BashOperator): load_b> on 2024-08-27 18:57:06.997428+00:00
[2024-08-27T18:57:19.123+0000] {standard_task_runner.py:55} INFO - Started process 360 to run task
[2024-08-27T18:57:19.126+0000] {standard_task_runner.py:82} INFO - Running: ['***', 'tasks', 'run', 'course_parallel_dag', 'load_b', 'manual__2024-08-27T18:57:06.997428+00:00', '--job-id', '69', '--raw', '--subdir', 'DAGS_FOLDER/course_parallel_dag.py', '--cfg-path', '/tmp/tmpp9yx30kk']
[2024-08-27T18:57:19.126+0000] {standard_task_runner.py:83} INFO - Job 69: Subtask load_b
[2024-08-27T18:57:19.189+0000] {task_command.py:376} INFO - Running <TaskInstance: course_parallel_dag.load_b manual__2024-08-27T18:57:06.997428+00:00 [running]> on host 04470c735b91
[2024-08-27T18:57:19.265+0000] {taskinstance.py:1592} INFO - Exporting the following env vars:
AIRFLOW_CTX_DAG_OWNER=***
AIRFLOW_CTX_DAG_ID=course_parallel_dag
AIRFLOW_CTX_TASK_ID=load_b
AIRFLOW_CTX_EXECUTION_DATE=2024-08-27T18:57:06.997428+00:00
AIRFLOW_CTX_TRY_NUMBER=1
AIRFLOW_CTX_DAG_RUN_ID=manual__2024-08-27T18:57:06.997428+00:00
[2024-08-27T18:57:19.266+0000] {subprocess.py:63} INFO - Tmp dir root location: 
 /tmp
[2024-08-27T18:57:19.267+0000] {subprocess.py:75} INFO - Running command: ['/bin/bash', '-c', 'sleep 10']
[2024-08-27T18:57:19.285+0000] {subprocess.py:86} INFO - Output:
[2024-08-27T18:57:29.290+0000] {subprocess.py:97} INFO - Command exited with return code 0
[2024-08-27T18:57:29.318+0000] {taskinstance.py:1406} INFO - Marking task as SUCCESS. dag_id=course_parallel_dag, task_id=load_b, execution_date=20240827T185706, start_date=20240827T185719, end_date=20240827T185729
[2024-08-27T18:57:29.369+0000] {local_task_job.py:164} INFO - Task exited with return code 0
[2024-08-27T18:57:29.391+0000] {local_task_job.py:273} INFO - 1 downstream tasks scheduled from follow-on schedule check
