[2024-08-28T02:51:10.601+0000] {taskinstance.py:1165} INFO - Dependencies all met for <TaskInstance: xcom_dag.t2 manual__2024-08-28T02:51:07.731372+00:00 [queued]>
[2024-08-28T02:51:10.613+0000] {taskinstance.py:1165} INFO - Dependencies all met for <TaskInstance: xcom_dag.t2 manual__2024-08-28T02:51:07.731372+00:00 [queued]>
[2024-08-28T02:51:10.613+0000] {taskinstance.py:1362} INFO - 
--------------------------------------------------------------------------------
[2024-08-28T02:51:10.613+0000] {taskinstance.py:1363} INFO - Starting attempt 1 of 1
[2024-08-28T02:51:10.613+0000] {taskinstance.py:1364} INFO - 
--------------------------------------------------------------------------------
[2024-08-28T02:51:10.627+0000] {taskinstance.py:1383} INFO - Executing <Task(PythonOperator): t2> on 2024-08-28 02:51:07.731372+00:00
[2024-08-28T02:51:10.636+0000] {standard_task_runner.py:55} INFO - Started process 4260 to run task
[2024-08-28T02:51:10.639+0000] {standard_task_runner.py:82} INFO - Running: ['***', 'tasks', 'run', 'xcom_dag', 't2', 'manual__2024-08-28T02:51:07.731372+00:00', '--job-id', '138', '--raw', '--subdir', 'DAGS_FOLDER/course_xcom_dag.py', '--cfg-path', '/tmp/tmp4fku8_h3']
[2024-08-28T02:51:10.639+0000] {standard_task_runner.py:83} INFO - Job 138: Subtask t2
[2024-08-28T02:51:10.704+0000] {task_command.py:376} INFO - Running <TaskInstance: xcom_dag.t2 manual__2024-08-28T02:51:07.731372+00:00 [running]> on host 1542d298b92a
[2024-08-28T02:51:10.775+0000] {taskinstance.py:1592} INFO - Exporting the following env vars:
AIRFLOW_CTX_DAG_OWNER=***
AIRFLOW_CTX_DAG_ID=xcom_dag
AIRFLOW_CTX_TASK_ID=t2
AIRFLOW_CTX_EXECUTION_DATE=2024-08-28T02:51:07.731372+00:00
AIRFLOW_CTX_TRY_NUMBER=1
AIRFLOW_CTX_DAG_RUN_ID=manual__2024-08-28T02:51:07.731372+00:00
[2024-08-28T02:51:10.789+0000] {python.py:177} INFO - Done. Returned value was: None
[2024-08-28T02:51:10.799+0000] {taskinstance.py:1406} INFO - Marking task as SUCCESS. dag_id=xcom_dag, task_id=t2, execution_date=20240828T025107, start_date=20240828T025110, end_date=20240828T025110
[2024-08-28T02:51:10.850+0000] {local_task_job.py:164} INFO - Task exited with return code 0
[2024-08-28T02:51:10.872+0000] {local_task_job.py:273} INFO - 0 downstream tasks scheduled from follow-on schedule check
