[2024-08-27T18:57:30.549+0000] {taskinstance.py:1165} INFO - Dependencies all met for <TaskInstance: course_parallel_dag.transform manual__2024-08-27T18:57:06.997428+00:00 [queued]>
[2024-08-27T18:57:30.559+0000] {taskinstance.py:1165} INFO - Dependencies all met for <TaskInstance: course_parallel_dag.transform manual__2024-08-27T18:57:06.997428+00:00 [queued]>
[2024-08-27T18:57:30.560+0000] {taskinstance.py:1362} INFO - 
--------------------------------------------------------------------------------
[2024-08-27T18:57:30.560+0000] {taskinstance.py:1363} INFO - Starting attempt 1 of 1
[2024-08-27T18:57:30.560+0000] {taskinstance.py:1364} INFO - 
--------------------------------------------------------------------------------
[2024-08-27T18:57:30.578+0000] {taskinstance.py:1383} INFO - Executing <Task(BashOperator): transform> on 2024-08-27 18:57:06.997428+00:00
[2024-08-27T18:57:30.587+0000] {standard_task_runner.py:55} INFO - Started process 362 to run task
[2024-08-27T18:57:30.590+0000] {standard_task_runner.py:82} INFO - Running: ['***', 'tasks', 'run', 'course_parallel_dag', 'transform', 'manual__2024-08-27T18:57:06.997428+00:00', '--job-id', '71', '--raw', '--subdir', 'DAGS_FOLDER/course_parallel_dag.py', '--cfg-path', '/tmp/tmpigpsokpu']
[2024-08-27T18:57:30.590+0000] {standard_task_runner.py:83} INFO - Job 71: Subtask transform
[2024-08-27T18:57:30.653+0000] {task_command.py:376} INFO - Running <TaskInstance: course_parallel_dag.transform manual__2024-08-27T18:57:06.997428+00:00 [running]> on host bb357f5807fc
[2024-08-27T18:57:30.729+0000] {taskinstance.py:1592} INFO - Exporting the following env vars:
AIRFLOW_CTX_DAG_OWNER=***
AIRFLOW_CTX_DAG_ID=course_parallel_dag
AIRFLOW_CTX_TASK_ID=transform
AIRFLOW_CTX_EXECUTION_DATE=2024-08-27T18:57:06.997428+00:00
AIRFLOW_CTX_TRY_NUMBER=1
AIRFLOW_CTX_DAG_RUN_ID=manual__2024-08-27T18:57:06.997428+00:00
[2024-08-27T18:57:30.729+0000] {subprocess.py:63} INFO - Tmp dir root location: 
 /tmp
[2024-08-27T18:57:30.730+0000] {subprocess.py:75} INFO - Running command: ['/bin/bash', '-c', 'sleep 30']
[2024-08-27T18:57:30.749+0000] {subprocess.py:86} INFO - Output:
[2024-08-27T18:58:00.754+0000] {subprocess.py:97} INFO - Command exited with return code 0
[2024-08-27T18:58:00.780+0000] {taskinstance.py:1406} INFO - Marking task as SUCCESS. dag_id=course_parallel_dag, task_id=transform, execution_date=20240827T185706, start_date=20240827T185730, end_date=20240827T185800
[2024-08-27T18:58:00.841+0000] {local_task_job.py:164} INFO - Task exited with return code 0
[2024-08-27T18:58:00.859+0000] {local_task_job.py:273} INFO - 0 downstream tasks scheduled from follow-on schedule check
