[2024-08-28T01:39:47.345+0000] {taskinstance.py:1165} INFO - Dependencies all met for <TaskInstance: taks_group_dag.check_files scheduled__2024-08-27T00:00:00+00:00 [queued]>
[2024-08-28T01:39:47.355+0000] {taskinstance.py:1165} INFO - Dependencies all met for <TaskInstance: taks_group_dag.check_files scheduled__2024-08-27T00:00:00+00:00 [queued]>
[2024-08-28T01:39:47.355+0000] {taskinstance.py:1362} INFO - 
--------------------------------------------------------------------------------
[2024-08-28T01:39:47.355+0000] {taskinstance.py:1363} INFO - Starting attempt 1 of 1
[2024-08-28T01:39:47.356+0000] {taskinstance.py:1364} INFO - 
--------------------------------------------------------------------------------
[2024-08-28T01:39:47.370+0000] {taskinstance.py:1383} INFO - Executing <Task(BashOperator): check_files> on 2024-08-27 00:00:00+00:00
[2024-08-28T01:39:47.378+0000] {standard_task_runner.py:55} INFO - Started process 859 to run task
[2024-08-28T01:39:47.382+0000] {standard_task_runner.py:82} INFO - Running: ['***', 'tasks', 'run', 'taks_group_dag', 'check_files', 'scheduled__2024-08-27T00:00:00+00:00', '--job-id', '117', '--raw', '--subdir', 'DAGS_FOLDER/course_tasks_group.py', '--cfg-path', '/tmp/tmpe_4j8r7i']
[2024-08-28T01:39:47.382+0000] {standard_task_runner.py:83} INFO - Job 117: Subtask check_files
[2024-08-28T01:39:47.445+0000] {task_command.py:376} INFO - Running <TaskInstance: taks_group_dag.check_files scheduled__2024-08-27T00:00:00+00:00 [running]> on host 1542d298b92a
[2024-08-28T01:39:47.520+0000] {taskinstance.py:1592} INFO - Exporting the following env vars:
AIRFLOW_CTX_DAG_OWNER=***
AIRFLOW_CTX_DAG_ID=taks_group_dag
AIRFLOW_CTX_TASK_ID=check_files
AIRFLOW_CTX_EXECUTION_DATE=2024-08-27T00:00:00+00:00
AIRFLOW_CTX_TRY_NUMBER=1
AIRFLOW_CTX_DAG_RUN_ID=scheduled__2024-08-27T00:00:00+00:00
[2024-08-28T01:39:47.521+0000] {subprocess.py:63} INFO - Tmp dir root location: 
 /tmp
[2024-08-28T01:39:47.521+0000] {subprocess.py:75} INFO - Running command: ['/bin/bash', '-c', 'sleep 10']
[2024-08-28T01:39:47.539+0000] {subprocess.py:86} INFO - Output:
[2024-08-28T01:39:57.544+0000] {subprocess.py:97} INFO - Command exited with return code 0
[2024-08-28T01:39:57.571+0000] {taskinstance.py:1406} INFO - Marking task as SUCCESS. dag_id=taks_group_dag, task_id=check_files, execution_date=20240827T000000, start_date=20240828T013947, end_date=20240828T013957
[2024-08-28T01:39:57.620+0000] {local_task_job.py:164} INFO - Task exited with return code 0
[2024-08-28T01:39:57.644+0000] {local_task_job.py:273} INFO - 3 downstream tasks scheduled from follow-on schedule check
