[2024-08-27T21:13:14.638+0000] {taskinstance.py:1165} INFO - Dependencies all met for <TaskInstance: group_dag.check_files manual__2024-08-27T21:12:12.950505+00:00 [queued]>
[2024-08-27T21:13:14.650+0000] {taskinstance.py:1165} INFO - Dependencies all met for <TaskInstance: group_dag.check_files manual__2024-08-27T21:12:12.950505+00:00 [queued]>
[2024-08-27T21:13:14.650+0000] {taskinstance.py:1362} INFO - 
--------------------------------------------------------------------------------
[2024-08-27T21:13:14.650+0000] {taskinstance.py:1363} INFO - Starting attempt 1 of 1
[2024-08-27T21:13:14.650+0000] {taskinstance.py:1364} INFO - 
--------------------------------------------------------------------------------
[2024-08-27T21:13:14.665+0000] {taskinstance.py:1383} INFO - Executing <Task(BashOperator): check_files> on 2024-08-27 21:12:12.950505+00:00
[2024-08-27T21:13:14.673+0000] {standard_task_runner.py:55} INFO - Started process 2763 to run task
[2024-08-27T21:13:14.676+0000] {standard_task_runner.py:82} INFO - Running: ['***', 'tasks', 'run', 'group_dag', 'check_files', 'manual__2024-08-27T21:12:12.950505+00:00', '--job-id', '88', '--raw', '--subdir', 'DAGS_FOLDER/course_group_dag.py', '--cfg-path', '/tmp/tmp0ev0lbym']
[2024-08-27T21:13:14.677+0000] {standard_task_runner.py:83} INFO - Job 88: Subtask check_files
[2024-08-27T21:13:14.746+0000] {task_command.py:376} INFO - Running <TaskInstance: group_dag.check_files manual__2024-08-27T21:12:12.950505+00:00 [running]> on host 481ff13a8537
[2024-08-27T21:13:14.825+0000] {taskinstance.py:1592} INFO - Exporting the following env vars:
AIRFLOW_CTX_DAG_OWNER=***
AIRFLOW_CTX_DAG_ID=group_dag
AIRFLOW_CTX_TASK_ID=check_files
AIRFLOW_CTX_EXECUTION_DATE=2024-08-27T21:12:12.950505+00:00
AIRFLOW_CTX_TRY_NUMBER=1
AIRFLOW_CTX_DAG_RUN_ID=manual__2024-08-27T21:12:12.950505+00:00
[2024-08-27T21:13:14.826+0000] {subprocess.py:63} INFO - Tmp dir root location: 
 /tmp
[2024-08-27T21:13:14.826+0000] {subprocess.py:75} INFO - Running command: ['/bin/bash', '-c', 'sleep 10']
[2024-08-27T21:13:14.845+0000] {subprocess.py:86} INFO - Output:
[2024-08-27T21:13:24.849+0000] {subprocess.py:97} INFO - Command exited with return code 0
[2024-08-27T21:13:24.876+0000] {taskinstance.py:1406} INFO - Marking task as SUCCESS. dag_id=group_dag, task_id=check_files, execution_date=20240827T211212, start_date=20240827T211314, end_date=20240827T211324
[2024-08-27T21:13:24.924+0000] {local_task_job.py:164} INFO - Task exited with return code 0
[2024-08-27T21:13:24.949+0000] {local_task_job.py:273} INFO - 1 downstream tasks scheduled from follow-on schedule check
