[2024-08-28T02:51:58.537+0000] {taskinstance.py:1165} INFO - Dependencies all met for <TaskInstance: xcom_dag.t1 manual__2024-08-28T02:51:57.305988+00:00 [queued]>
[2024-08-28T02:51:58.548+0000] {taskinstance.py:1165} INFO - Dependencies all met for <TaskInstance: xcom_dag.t1 manual__2024-08-28T02:51:57.305988+00:00 [queued]>
[2024-08-28T02:51:58.549+0000] {taskinstance.py:1362} INFO - 
--------------------------------------------------------------------------------
[2024-08-28T02:51:58.549+0000] {taskinstance.py:1363} INFO - Starting attempt 1 of 1
[2024-08-28T02:51:58.549+0000] {taskinstance.py:1364} INFO - 
--------------------------------------------------------------------------------
[2024-08-28T02:51:58.565+0000] {taskinstance.py:1383} INFO - Executing <Task(PythonOperator): t1> on 2024-08-28 02:51:57.305988+00:00
[2024-08-28T02:51:58.573+0000] {standard_task_runner.py:55} INFO - Started process 4298 to run task
[2024-08-28T02:51:58.577+0000] {standard_task_runner.py:82} INFO - Running: ['***', 'tasks', 'run', 'xcom_dag', 't1', 'manual__2024-08-28T02:51:57.305988+00:00', '--job-id', '139', '--raw', '--subdir', 'DAGS_FOLDER/course_xcom_dag.py', '--cfg-path', '/tmp/tmpr5e3d2je']
[2024-08-28T02:51:58.577+0000] {standard_task_runner.py:83} INFO - Job 139: Subtask t1
[2024-08-28T02:51:58.643+0000] {task_command.py:376} INFO - Running <TaskInstance: xcom_dag.t1 manual__2024-08-28T02:51:57.305988+00:00 [running]> on host 1542d298b92a
[2024-08-28T02:51:58.725+0000] {taskinstance.py:1592} INFO - Exporting the following env vars:
AIRFLOW_CTX_DAG_OWNER=***
AIRFLOW_CTX_DAG_ID=xcom_dag
AIRFLOW_CTX_TASK_ID=t1
AIRFLOW_CTX_EXECUTION_DATE=2024-08-28T02:51:57.305988+00:00
AIRFLOW_CTX_TRY_NUMBER=1
AIRFLOW_CTX_DAG_RUN_ID=manual__2024-08-28T02:51:57.305988+00:00
[2024-08-28T02:51:58.725+0000] {python.py:177} INFO - Done. Returned value was: 42
[2024-08-28T02:51:58.753+0000] {taskinstance.py:1406} INFO - Marking task as SUCCESS. dag_id=xcom_dag, task_id=t1, execution_date=20240828T025157, start_date=20240828T025158, end_date=20240828T025158
[2024-08-28T02:51:58.788+0000] {local_task_job.py:164} INFO - Task exited with return code 0
[2024-08-28T02:51:58.824+0000] {local_task_job.py:273} INFO - 1 downstream tasks scheduled from follow-on schedule check
