[2024-08-23T19:26:53.550+0000] {taskinstance.py:1165} INFO - Dependencies all met for <TaskInstance: course_consumer.read_dataset dataset_triggered__2024-08-23T19:26:38.581329+00:00 [queued]>
[2024-08-23T19:26:53.561+0000] {taskinstance.py:1165} INFO - Dependencies all met for <TaskInstance: course_consumer.read_dataset dataset_triggered__2024-08-23T19:26:38.581329+00:00 [queued]>
[2024-08-23T19:26:53.561+0000] {taskinstance.py:1362} INFO - 
--------------------------------------------------------------------------------
[2024-08-23T19:26:53.561+0000] {taskinstance.py:1363} INFO - Starting attempt 1 of 1
[2024-08-23T19:26:53.561+0000] {taskinstance.py:1364} INFO - 
--------------------------------------------------------------------------------
[2024-08-23T19:26:53.576+0000] {taskinstance.py:1383} INFO - Executing <Task(_PythonDecoratedOperator): read_dataset> on 2024-08-23 19:26:38.581329+00:00
[2024-08-23T19:26:53.584+0000] {standard_task_runner.py:55} INFO - Started process 9145 to run task
[2024-08-23T19:26:53.587+0000] {standard_task_runner.py:82} INFO - Running: ['***', 'tasks', 'run', 'course_consumer', 'read_dataset', 'dataset_triggered__2024-08-23T19:26:38.581329+00:00', '--job-id', '33', '--raw', '--subdir', 'DAGS_FOLDER/course_consumer.py', '--cfg-path', '/tmp/tmpa9zu26mf']
[2024-08-23T19:26:53.588+0000] {standard_task_runner.py:83} INFO - Job 33: Subtask read_dataset
[2024-08-23T19:26:53.652+0000] {task_command.py:376} INFO - Running <TaskInstance: course_consumer.read_dataset dataset_triggered__2024-08-23T19:26:38.581329+00:00 [running]> on host 3d22c4bb5c30
[2024-08-23T19:26:53.726+0000] {taskinstance.py:1592} INFO - Exporting the following env vars:
AIRFLOW_CTX_DAG_OWNER=***
AIRFLOW_CTX_DAG_ID=course_consumer
AIRFLOW_CTX_TASK_ID=read_dataset
AIRFLOW_CTX_EXECUTION_DATE=2024-08-23T19:26:38.581329+00:00
AIRFLOW_CTX_TRY_NUMBER=1
AIRFLOW_CTX_DAG_RUN_ID=dataset_triggered__2024-08-23T19:26:38.581329+00:00
[2024-08-23T19:26:53.727+0000] {logging_mixin.py:120} INFO - Update produced
[2024-08-23T19:26:53.727+0000] {python.py:177} INFO - Done. Returned value was: None
[2024-08-23T19:26:53.739+0000] {taskinstance.py:1406} INFO - Marking task as SUCCESS. dag_id=course_consumer, task_id=read_dataset, execution_date=20240823T192638, start_date=20240823T192653, end_date=20240823T192653
[2024-08-23T19:26:53.799+0000] {local_task_job.py:164} INFO - Task exited with return code 0
[2024-08-23T19:26:53.819+0000] {local_task_job.py:273} INFO - 0 downstream tasks scheduled from follow-on schedule check
