[2024-08-27T20:18:16.388+0000] {taskinstance.py:1165} INFO - Dependencies all met for <TaskInstance: group_dag.check_files scheduled__2024-08-26T00:00:00+00:00 [queued]>
[2024-08-27T20:18:16.399+0000] {taskinstance.py:1165} INFO - Dependencies all met for <TaskInstance: group_dag.check_files scheduled__2024-08-26T00:00:00+00:00 [queued]>
[2024-08-27T20:18:16.399+0000] {taskinstance.py:1362} INFO - 
--------------------------------------------------------------------------------
[2024-08-27T20:18:16.399+0000] {taskinstance.py:1363} INFO - Starting attempt 1 of 1
[2024-08-27T20:18:16.399+0000] {taskinstance.py:1364} INFO - 
--------------------------------------------------------------------------------
[2024-08-27T20:18:16.414+0000] {taskinstance.py:1383} INFO - Executing <Task(BashOperator): check_files> on 2024-08-26 00:00:00+00:00
[2024-08-27T20:18:16.422+0000] {standard_task_runner.py:55} INFO - Started process 156 to run task
[2024-08-27T20:18:16.425+0000] {standard_task_runner.py:82} INFO - Running: ['***', 'tasks', 'run', 'group_dag', 'check_files', 'scheduled__2024-08-26T00:00:00+00:00', '--job-id', '80', '--raw', '--subdir', 'DAGS_FOLDER/course_group_dag.py', '--cfg-path', '/tmp/tmpqn9q0epp']
[2024-08-27T20:18:16.426+0000] {standard_task_runner.py:83} INFO - Job 80: Subtask check_files
[2024-08-27T20:18:16.488+0000] {task_command.py:376} INFO - Running <TaskInstance: group_dag.check_files scheduled__2024-08-26T00:00:00+00:00 [running]> on host 481ff13a8537
[2024-08-27T20:18:16.563+0000] {taskinstance.py:1592} INFO - Exporting the following env vars:
AIRFLOW_CTX_DAG_OWNER=***
AIRFLOW_CTX_DAG_ID=group_dag
AIRFLOW_CTX_TASK_ID=check_files
AIRFLOW_CTX_EXECUTION_DATE=2024-08-26T00:00:00+00:00
AIRFLOW_CTX_TRY_NUMBER=1
AIRFLOW_CTX_DAG_RUN_ID=scheduled__2024-08-26T00:00:00+00:00
[2024-08-27T20:18:16.563+0000] {subprocess.py:63} INFO - Tmp dir root location: 
 /tmp
[2024-08-27T20:18:16.564+0000] {subprocess.py:75} INFO - Running command: ['/bin/bash', '-c', 'sleep 10']
[2024-08-27T20:18:16.582+0000] {subprocess.py:86} INFO - Output:
[2024-08-27T20:18:26.586+0000] {subprocess.py:97} INFO - Command exited with return code 0
[2024-08-27T20:18:26.613+0000] {taskinstance.py:1406} INFO - Marking task as SUCCESS. dag_id=group_dag, task_id=check_files, execution_date=20240826T000000, start_date=20240827T201816, end_date=20240827T201826
[2024-08-27T20:18:26.673+0000] {local_task_job.py:164} INFO - Task exited with return code 0
[2024-08-27T20:18:26.699+0000] {local_task_job.py:273} INFO - 3 downstream tasks scheduled from follow-on schedule check
