[2024-08-27T20:17:16.764+0000] {taskinstance.py:1165} INFO - Dependencies all met for <TaskInstance: group_dag.downloads.transform_a scheduled__2024-08-26T00:00:00+00:00 [queued]>
[2024-08-27T20:17:16.774+0000] {taskinstance.py:1165} INFO - Dependencies all met for <TaskInstance: group_dag.downloads.transform_a scheduled__2024-08-26T00:00:00+00:00 [queued]>
[2024-08-27T20:17:16.774+0000] {taskinstance.py:1362} INFO - 
--------------------------------------------------------------------------------
[2024-08-27T20:17:16.774+0000] {taskinstance.py:1363} INFO - Starting attempt 1 of 1
[2024-08-27T20:17:16.774+0000] {taskinstance.py:1364} INFO - 
--------------------------------------------------------------------------------
[2024-08-27T20:17:16.794+0000] {taskinstance.py:1383} INFO - Executing <Task(BashOperator): transform_a> on 2024-08-26 00:00:00+00:00
[2024-08-27T20:17:16.802+0000] {standard_task_runner.py:55} INFO - Started process 105 to run task
[2024-08-27T20:17:16.806+0000] {standard_task_runner.py:82} INFO - Running: ['***', 'tasks', 'run', 'group_dag.downloads', 'transform_a', 'scheduled__2024-08-26T00:00:00+00:00', '--job-id', '78', '--raw', '--subdir', 'DAGS_FOLDER/course_group_dag.py', '--cfg-path', '/tmp/tmp587q4c32']
[2024-08-27T20:17:16.806+0000] {standard_task_runner.py:83} INFO - Job 78: Subtask transform_a
[2024-08-27T20:17:16.868+0000] {task_command.py:376} INFO - Running <TaskInstance: group_dag.downloads.transform_a scheduled__2024-08-26T00:00:00+00:00 [running]> on host 481ff13a8537
[2024-08-27T20:17:16.943+0000] {taskinstance.py:1592} INFO - Exporting the following env vars:
AIRFLOW_CTX_DAG_OWNER=***
AIRFLOW_CTX_DAG_ID=group_dag.downloads
AIRFLOW_CTX_TASK_ID=transform_a
AIRFLOW_CTX_EXECUTION_DATE=2024-08-26T00:00:00+00:00
AIRFLOW_CTX_TRY_NUMBER=1
AIRFLOW_CTX_DAG_RUN_ID=scheduled__2024-08-26T00:00:00+00:00
[2024-08-27T20:17:16.944+0000] {subprocess.py:63} INFO - Tmp dir root location: 
 /tmp
[2024-08-27T20:17:16.945+0000] {subprocess.py:75} INFO - Running command: ['/bin/bash', '-c', 'sleep 10']
[2024-08-27T20:17:16.963+0000] {subprocess.py:86} INFO - Output:
[2024-08-27T20:17:26.969+0000] {subprocess.py:97} INFO - Command exited with return code 0
[2024-08-27T20:17:26.999+0000] {taskinstance.py:1406} INFO - Marking task as SUCCESS. dag_id=group_dag.downloads, task_id=transform_a, execution_date=20240826T000000, start_date=20240827T201716, end_date=20240827T201726
[2024-08-27T20:17:27.047+0000] {local_task_job.py:164} INFO - Task exited with return code 0
[2024-08-27T20:17:27.081+0000] {local_task_job.py:273} INFO - 0 downstream tasks scheduled from follow-on schedule check
