[2024-08-22T00:25:41.353+0000] {taskinstance.py:1165} INFO - Dependencies all met for <TaskInstance: user_processing.extract_user scheduled__2024-08-21T00:00:00+00:00 [queued]>
[2024-08-22T00:25:41.364+0000] {taskinstance.py:1165} INFO - Dependencies all met for <TaskInstance: user_processing.extract_user scheduled__2024-08-21T00:00:00+00:00 [queued]>
[2024-08-22T00:25:41.364+0000] {taskinstance.py:1362} INFO - 
--------------------------------------------------------------------------------
[2024-08-22T00:25:41.364+0000] {taskinstance.py:1363} INFO - Starting attempt 1 of 1
[2024-08-22T00:25:41.364+0000] {taskinstance.py:1364} INFO - 
--------------------------------------------------------------------------------
[2024-08-22T00:25:41.378+0000] {taskinstance.py:1383} INFO - Executing <Task(SimpleHttpOperator): extract_user> on 2024-08-21 00:00:00+00:00
[2024-08-22T00:25:41.388+0000] {standard_task_runner.py:55} INFO - Started process 2286 to run task
[2024-08-22T00:25:41.391+0000] {standard_task_runner.py:82} INFO - Running: ['***', 'tasks', 'run', 'user_processing', 'extract_user', 'scheduled__2024-08-21T00:00:00+00:00', '--job-id', '22', '--raw', '--subdir', 'DAGS_FOLDER/user_processing.py', '--cfg-path', '/tmp/tmphi7ay6oi']
[2024-08-22T00:25:41.393+0000] {standard_task_runner.py:83} INFO - Job 22: Subtask extract_user
[2024-08-22T00:25:41.456+0000] {task_command.py:376} INFO - Running <TaskInstance: user_processing.extract_user scheduled__2024-08-21T00:00:00+00:00 [running]> on host 3d22c4bb5c30
[2024-08-22T00:25:41.527+0000] {taskinstance.py:1592} INFO - Exporting the following env vars:
AIRFLOW_CTX_DAG_OWNER=***
AIRFLOW_CTX_DAG_ID=user_processing
AIRFLOW_CTX_TASK_ID=extract_user
AIRFLOW_CTX_EXECUTION_DATE=2024-08-21T00:00:00+00:00
AIRFLOW_CTX_TRY_NUMBER=1
AIRFLOW_CTX_DAG_RUN_ID=scheduled__2024-08-21T00:00:00+00:00
[2024-08-22T00:25:41.528+0000] {http.py:121} INFO - Calling HTTP method
[2024-08-22T00:25:41.537+0000] {base.py:71} INFO - Using connection ID 'user_api' for task execution.
[2024-08-22T00:25:41.539+0000] {http.py:148} INFO - Sending 'GET' to url: https://randomuser.me/api/
[2024-08-22T00:25:41.875+0000] {http.py:125} INFO - {"results":[{"gender":"male","name":{"title":"Mr","first":"Hodota","last":"Polniy"},"location":{"street":{"number":1593,"name":"Luk'yanivskiy provulok"},"city":"Vasilkiv","state":"Kiyivska","country":"Ukraine","postcode":15159,"coordinates":{"latitude":"79.5612","longitude":"-30.0636"},"timezone":{"offset":"-9:00","description":"Alaska"}},"email":"hodota.polniy@example.com","login":{"uuid":"eb228260-abec-46b9-8a13-759d849c51af","username":"beautifulelephant514","password":"novell","salt":"MT6XyQJH","md5":"a137bc4feaf9a49f3a70f111e3090ccc","sha1":"b32022aaa9f76e1e3781d13d4d22c881d3b7d6e6","sha256":"549fd62a923d0fada3947479b06cfbb8ad99ccc765896e617c03a52cb1294694"},"dob":{"date":"1965-04-26T08:06:46.668Z","age":59},"registered":{"date":"2013-12-16T10:32:54.944Z","age":10},"phone":"(096) H67-3169","cell":"(098) K47-2701","id":{"name":"","value":null},"picture":{"large":"https://randomuser.me/api/portraits/men/84.jpg","medium":"https://randomuser.me/api/portraits/med/men/84.jpg","thumbnail":"https://randomuser.me/api/portraits/thumb/men/84.jpg"},"nat":"UA"}],"info":{"seed":"45380413fbf0559e","results":1,"page":1,"version":"1.4"}}
[2024-08-22T00:25:41.914+0000] {taskinstance.py:1406} INFO - Marking task as SUCCESS. dag_id=user_processing, task_id=extract_user, execution_date=20240821T000000, start_date=20240822T002541, end_date=20240822T002541
[2024-08-22T00:25:41.964+0000] {local_task_job.py:164} INFO - Task exited with return code 0
[2024-08-22T00:25:41.999+0000] {local_task_job.py:273} INFO - 1 downstream tasks scheduled from follow-on schedule check
