[2024-08-27T18:31:46.856+0000] {taskinstance.py:1165} INFO - Dependencies all met for <TaskInstance: course_parallel_dag.extract_b scheduled__2024-08-26T18:31:28.144927+00:00 [queued]>
[2024-08-27T18:31:46.869+0000] {taskinstance.py:1165} INFO - Dependencies all met for <TaskInstance: course_parallel_dag.extract_b scheduled__2024-08-26T18:31:28.144927+00:00 [queued]>
[2024-08-27T18:31:46.869+0000] {taskinstance.py:1362} INFO - 
--------------------------------------------------------------------------------
[2024-08-27T18:31:46.869+0000] {taskinstance.py:1363} INFO - Starting attempt 1 of 1
[2024-08-27T18:31:46.869+0000] {taskinstance.py:1364} INFO - 
--------------------------------------------------------------------------------
[2024-08-27T18:31:46.885+0000] {taskinstance.py:1383} INFO - Executing <Task(BashOperator): extract_b> on 2024-08-26 18:31:28.144927+00:00
[2024-08-27T18:31:46.894+0000] {standard_task_runner.py:55} INFO - Started process 3618 to run task
[2024-08-27T18:31:46.898+0000] {standard_task_runner.py:82} INFO - Running: ['***', 'tasks', 'run', 'course_parallel_dag', 'extract_b', 'scheduled__2024-08-26T18:31:28.144927+00:00', '--job-id', '56', '--raw', '--subdir', 'DAGS_FOLDER/course_parallel_dag.py', '--cfg-path', '/tmp/tmp9xtbyn6j']
[2024-08-27T18:31:46.898+0000] {standard_task_runner.py:83} INFO - Job 56: Subtask extract_b
[2024-08-27T18:31:46.963+0000] {task_command.py:376} INFO - Running <TaskInstance: course_parallel_dag.extract_b scheduled__2024-08-26T18:31:28.144927+00:00 [running]> on host 63c156c189e8
[2024-08-27T18:31:47.040+0000] {taskinstance.py:1592} INFO - Exporting the following env vars:
AIRFLOW_CTX_DAG_OWNER=***
AIRFLOW_CTX_DAG_ID=course_parallel_dag
AIRFLOW_CTX_TASK_ID=extract_b
AIRFLOW_CTX_EXECUTION_DATE=2024-08-26T18:31:28.144927+00:00
AIRFLOW_CTX_TRY_NUMBER=1
AIRFLOW_CTX_DAG_RUN_ID=scheduled__2024-08-26T18:31:28.144927+00:00
[2024-08-27T18:31:47.041+0000] {subprocess.py:63} INFO - Tmp dir root location: 
 /tmp
[2024-08-27T18:31:47.041+0000] {subprocess.py:75} INFO - Running command: ['/bin/bash', '-c', 'sleep 10']
[2024-08-27T18:31:47.059+0000] {subprocess.py:86} INFO - Output:
[2024-08-27T18:31:57.065+0000] {subprocess.py:97} INFO - Command exited with return code 0
[2024-08-27T18:31:57.091+0000] {taskinstance.py:1406} INFO - Marking task as SUCCESS. dag_id=course_parallel_dag, task_id=extract_b, execution_date=20240826T183128, start_date=20240827T183146, end_date=20240827T183157
[2024-08-27T18:31:57.114+0000] {local_task_job.py:164} INFO - Task exited with return code 0
[2024-08-27T18:31:57.143+0000] {local_task_job.py:273} INFO - 1 downstream tasks scheduled from follow-on schedule check
