[2024-08-28T02:18:59.676+0000] {taskinstance.py:1165} INFO - Dependencies all met for <TaskInstance: xcom_dag.t1 manual__2024-08-28T02:18:05.549553+00:00 [queued]>
[2024-08-28T02:18:59.686+0000] {taskinstance.py:1165} INFO - Dependencies all met for <TaskInstance: xcom_dag.t1 manual__2024-08-28T02:18:05.549553+00:00 [queued]>
[2024-08-28T02:18:59.686+0000] {taskinstance.py:1362} INFO - 
--------------------------------------------------------------------------------
[2024-08-28T02:18:59.686+0000] {taskinstance.py:1363} INFO - Starting attempt 2 of 2
[2024-08-28T02:18:59.687+0000] {taskinstance.py:1364} INFO - 
--------------------------------------------------------------------------------
[2024-08-28T02:18:59.702+0000] {taskinstance.py:1383} INFO - Executing <Task(PythonOperator): t1> on 2024-08-28 02:18:05.549553+00:00
[2024-08-28T02:18:59.710+0000] {standard_task_runner.py:55} INFO - Started process 2738 to run task
[2024-08-28T02:18:59.714+0000] {standard_task_runner.py:82} INFO - Running: ['***', 'tasks', 'run', 'xcom_dag', 't1', 'manual__2024-08-28T02:18:05.549553+00:00', '--job-id', '133', '--raw', '--subdir', 'DAGS_FOLDER/course_xcom_dag.py', '--cfg-path', '/tmp/tmpbj8chpwa']
[2024-08-28T02:18:59.715+0000] {standard_task_runner.py:83} INFO - Job 133: Subtask t1
[2024-08-28T02:18:59.780+0000] {task_command.py:376} INFO - Running <TaskInstance: xcom_dag.t1 manual__2024-08-28T02:18:05.549553+00:00 [running]> on host 1542d298b92a
[2024-08-28T02:18:59.856+0000] {taskinstance.py:1592} INFO - Exporting the following env vars:
AIRFLOW_CTX_DAG_OWNER=***
AIRFLOW_CTX_DAG_ID=xcom_dag
AIRFLOW_CTX_TASK_ID=t1
AIRFLOW_CTX_EXECUTION_DATE=2024-08-28T02:18:05.549553+00:00
AIRFLOW_CTX_TRY_NUMBER=2
AIRFLOW_CTX_DAG_RUN_ID=manual__2024-08-28T02:18:05.549553+00:00
[2024-08-28T02:18:59.856+0000] {python.py:177} INFO - Done. Returned value was: 42
[2024-08-28T02:18:59.880+0000] {taskinstance.py:1406} INFO - Marking task as SUCCESS. dag_id=xcom_dag, task_id=t1, execution_date=20240828T021805, start_date=20240828T021859, end_date=20240828T021859
[2024-08-28T02:18:59.925+0000] {local_task_job.py:164} INFO - Task exited with return code 0
[2024-08-28T02:18:59.957+0000] {local_task_job.py:273} INFO - 1 downstream tasks scheduled from follow-on schedule check
