[2024-08-28T00:43:44.320+0000] {taskinstance.py:1165} INFO - Dependencies all met for <TaskInstance: group_dag.transforms scheduled__2024-08-27T00:00:00+00:00 [queued]>
[2024-08-28T00:43:44.329+0000] {taskinstance.py:1165} INFO - Dependencies all met for <TaskInstance: group_dag.transforms scheduled__2024-08-27T00:00:00+00:00 [queued]>
[2024-08-28T00:43:44.329+0000] {taskinstance.py:1362} INFO - 
--------------------------------------------------------------------------------
[2024-08-28T00:43:44.329+0000] {taskinstance.py:1363} INFO - Starting attempt 1 of 1
[2024-08-28T00:43:44.329+0000] {taskinstance.py:1364} INFO - 
--------------------------------------------------------------------------------
[2024-08-28T00:43:44.343+0000] {taskinstance.py:1383} INFO - Executing <Task(SubDagOperator): transforms> on 2024-08-27 00:00:00+00:00
[2024-08-28T00:43:44.350+0000] {standard_task_runner.py:55} INFO - Started process 142 to run task
[2024-08-28T00:43:44.354+0000] {standard_task_runner.py:82} INFO - Running: ['***', 'tasks', 'run', 'group_dag', 'transforms', 'scheduled__2024-08-27T00:00:00+00:00', '--job-id', '108', '--raw', '--subdir', 'DAGS_FOLDER/course_group_dag.py', '--cfg-path', '/tmp/tmpz40a897b']
[2024-08-28T00:43:44.355+0000] {standard_task_runner.py:83} INFO - Job 108: Subtask transforms
[2024-08-28T00:43:44.417+0000] {task_command.py:376} INFO - Running <TaskInstance: group_dag.transforms scheduled__2024-08-27T00:00:00+00:00 [running]> on host 481ff13a8537
[2024-08-28T00:43:44.489+0000] {taskinstance.py:1592} INFO - Exporting the following env vars:
AIRFLOW_CTX_DAG_OWNER=***
AIRFLOW_CTX_DAG_ID=group_dag
AIRFLOW_CTX_TASK_ID=transforms
AIRFLOW_CTX_EXECUTION_DATE=2024-08-27T00:00:00+00:00
AIRFLOW_CTX_TRY_NUMBER=1
AIRFLOW_CTX_DAG_RUN_ID=scheduled__2024-08-27T00:00:00+00:00
[2024-08-28T00:43:44.489+0000] {warnings.py:110} WARNING - /home/***/.local/lib/python3.7/site-packages/***/utils/context.py:204: AirflowContextDeprecationWarning: Accessing 'execution_date' from the template is deprecated and will be removed in a future version. Please use 'data_interval_start' or 'logical_date' instead.
  warnings.warn(_create_deprecation_warning(key, self._deprecation_replacements[key]))

[2024-08-28T00:43:44.516+0000] {subdag.py:171} INFO - Created DagRun: scheduled__2024-08-27T00:00:00+00:00
[2024-08-28T00:44:44.591+0000] {base.py:213} INFO - Success criteria met. Exiting.
[2024-08-28T00:44:44.597+0000] {subdag.py:186} INFO - Execution finished. State is success
[2024-08-28T00:44:44.607+0000] {taskinstance.py:1406} INFO - Marking task as SUCCESS. dag_id=group_dag, task_id=transforms, execution_date=20240827T000000, start_date=20240828T004344, end_date=20240828T004444
[2024-08-28T00:44:44.628+0000] {local_task_job.py:164} INFO - Task exited with return code 0
[2024-08-28T00:44:44.646+0000] {local_task_job.py:273} INFO - 0 downstream tasks scheduled from follow-on schedule check
